Started GET "/" for 127.0.0.1 at 2022-09-22 13:52:17 +0700
  [1m[35m (16.8ms)[0m  [1m[35mCREATE TABLE "schema_migrations" ("version" varchar NOT NULL PRIMARY KEY)[0m
  [1m[35m (8.7ms)[0m  [1m[35mCREATE TABLE "ar_internal_metadata" ("key" varchar NOT NULL PRIMARY KEY, "value" varchar, "created_at" datetime(6) NOT NULL, "updated_at" datetime(6) NOT NULL)[0m
  [1m[36mActiveRecord::SchemaMigration Pluck (0.2ms)[0m  [1m[34mSELECT "schema_migrations"."version" FROM "schema_migrations" ORDER BY "schema_migrations"."version" ASC[0m
  
ActiveRecord::PendingMigrationError (

Migrations are pending. To resolve this issue, run:

        bin/rails db:migrate RAILS_ENV=development

You have 2 pending migrations:

20220922063847_create_students.rb
20220922063937_create_scores.rb


):
  
activerecord (7.0.4) lib/active_record/migration.rb:627:in `check_pending!'
activerecord (7.0.4) lib/active_record/migration.rb:592:in `block (2 levels) in call'
activesupport (7.0.4) lib/active_support/file_update_checker.rb:83:in `execute'
activerecord (7.0.4) lib/active_record/migration.rb:597:in `block in call'
activerecord (7.0.4) lib/active_record/migration.rb:589:in `synchronize'
activerecord (7.0.4) lib/active_record/migration.rb:589:in `call'
actionpack (7.0.4) lib/action_dispatch/middleware/callbacks.rb:27:in `block in call'
activesupport (7.0.4) lib/active_support/callbacks.rb:99:in `run_callbacks'
actionpack (7.0.4) lib/action_dispatch/middleware/callbacks.rb:26:in `call'
actionpack (7.0.4) lib/action_dispatch/middleware/executor.rb:14:in `call'
actionpack (7.0.4) lib/action_dispatch/middleware/actionable_exceptions.rb:17:in `call'
actionpack (7.0.4) lib/action_dispatch/middleware/debug_exceptions.rb:28:in `call'
web-console (4.2.0) lib/web_console/middleware.rb:132:in `call_app'
web-console (4.2.0) lib/web_console/middleware.rb:28:in `block in call'
web-console (4.2.0) lib/web_console/middleware.rb:17:in `catch'
web-console (4.2.0) lib/web_console/middleware.rb:17:in `call'
actionpack (7.0.4) lib/action_dispatch/middleware/show_exceptions.rb:26:in `call'
railties (7.0.4) lib/rails/rack/logger.rb:40:in `call_app'
railties (7.0.4) lib/rails/rack/logger.rb:25:in `block in call'
activesupport (7.0.4) lib/active_support/tagged_logging.rb:99:in `block in tagged'
activesupport (7.0.4) lib/active_support/tagged_logging.rb:37:in `tagged'
activesupport (7.0.4) lib/active_support/tagged_logging.rb:99:in `tagged'
railties (7.0.4) lib/rails/rack/logger.rb:25:in `call'
sprockets-rails (3.4.2) lib/sprockets/rails/quiet_assets.rb:13:in `call'
actionpack (7.0.4) lib/action_dispatch/middleware/remote_ip.rb:93:in `call'
actionpack (7.0.4) lib/action_dispatch/middleware/request_id.rb:26:in `call'
rack (2.2.4) lib/rack/method_override.rb:24:in `call'
rack (2.2.4) lib/rack/runtime.rb:22:in `call'
activesupport (7.0.4) lib/active_support/cache/strategy/local_cache_middleware.rb:29:in `call'
actionpack (7.0.4) lib/action_dispatch/middleware/server_timing.rb:61:in `block in call'
actionpack (7.0.4) lib/action_dispatch/middleware/server_timing.rb:26:in `collect_events'
actionpack (7.0.4) lib/action_dispatch/middleware/server_timing.rb:60:in `call'
actionpack (7.0.4) lib/action_dispatch/middleware/executor.rb:14:in `call'
actionpack (7.0.4) lib/action_dispatch/middleware/static.rb:23:in `call'
rack (2.2.4) lib/rack/sendfile.rb:110:in `call'
actionpack (7.0.4) lib/action_dispatch/middleware/host_authorization.rb:137:in `call'
railties (7.0.4) lib/rails/engine.rb:530:in `call'
puma (5.6.5) lib/puma/configuration.rb:252:in `call'
puma (5.6.5) lib/puma/request.rb:77:in `block in handle_request'
puma (5.6.5) lib/puma/thread_pool.rb:340:in `with_force_shutdown'
puma (5.6.5) lib/puma/request.rb:76:in `handle_request'
puma (5.6.5) lib/puma/server.rb:443:in `process_client'
puma (5.6.5) lib/puma/thread_pool.rb:147:in `block in spawn_thread'
Started GET "/" for 127.0.0.1 at 2022-09-22 13:52:22 +0700
  [1m[36mActiveRecord::SchemaMigration Pluck (0.1ms)[0m  [1m[34mSELECT "schema_migrations"."version" FROM "schema_migrations" ORDER BY "schema_migrations"."version" ASC[0m
  [1m[36mCACHE ActiveRecord::SchemaMigration Pluck (0.0ms)[0m  [1m[34mSELECT "schema_migrations"."version" FROM "schema_migrations" ORDER BY "schema_migrations"."version" ASC[0m
  
ActiveRecord::PendingMigrationError (

Migrations are pending. To resolve this issue, run:

        bin/rails db:migrate RAILS_ENV=development

You have 2 pending migrations:

20220922063847_create_students.rb
20220922063937_create_scores.rb


):
  
activerecord (7.0.4) lib/active_record/migration.rb:627:in `check_pending!'
activerecord (7.0.4) lib/active_record/migration.rb:592:in `block (2 levels) in call'
activesupport (7.0.4) lib/active_support/file_update_checker.rb:83:in `execute'
activerecord (7.0.4) lib/active_record/migration.rb:597:in `block in call'
activerecord (7.0.4) lib/active_record/migration.rb:589:in `synchronize'
activerecord (7.0.4) lib/active_record/migration.rb:589:in `call'
actionpack (7.0.4) lib/action_dispatch/middleware/callbacks.rb:27:in `block in call'
activesupport (7.0.4) lib/active_support/callbacks.rb:99:in `run_callbacks'
actionpack (7.0.4) lib/action_dispatch/middleware/callbacks.rb:26:in `call'
actionpack (7.0.4) lib/action_dispatch/middleware/executor.rb:14:in `call'
actionpack (7.0.4) lib/action_dispatch/middleware/actionable_exceptions.rb:17:in `call'
actionpack (7.0.4) lib/action_dispatch/middleware/debug_exceptions.rb:28:in `call'
web-console (4.2.0) lib/web_console/middleware.rb:132:in `call_app'
web-console (4.2.0) lib/web_console/middleware.rb:28:in `block in call'
web-console (4.2.0) lib/web_console/middleware.rb:17:in `catch'
web-console (4.2.0) lib/web_console/middleware.rb:17:in `call'
actionpack (7.0.4) lib/action_dispatch/middleware/show_exceptions.rb:26:in `call'
railties (7.0.4) lib/rails/rack/logger.rb:40:in `call_app'
railties (7.0.4) lib/rails/rack/logger.rb:25:in `block in call'
activesupport (7.0.4) lib/active_support/tagged_logging.rb:99:in `block in tagged'
activesupport (7.0.4) lib/active_support/tagged_logging.rb:37:in `tagged'
activesupport (7.0.4) lib/active_support/tagged_logging.rb:99:in `tagged'
railties (7.0.4) lib/rails/rack/logger.rb:25:in `call'
sprockets-rails (3.4.2) lib/sprockets/rails/quiet_assets.rb:13:in `call'
actionpack (7.0.4) lib/action_dispatch/middleware/remote_ip.rb:93:in `call'
actionpack (7.0.4) lib/action_dispatch/middleware/request_id.rb:26:in `call'
rack (2.2.4) lib/rack/method_override.rb:24:in `call'
rack (2.2.4) lib/rack/runtime.rb:22:in `call'
activesupport (7.0.4) lib/active_support/cache/strategy/local_cache_middleware.rb:29:in `call'
actionpack (7.0.4) lib/action_dispatch/middleware/server_timing.rb:61:in `block in call'
actionpack (7.0.4) lib/action_dispatch/middleware/server_timing.rb:26:in `collect_events'
actionpack (7.0.4) lib/action_dispatch/middleware/server_timing.rb:60:in `call'
actionpack (7.0.4) lib/action_dispatch/middleware/executor.rb:14:in `call'
actionpack (7.0.4) lib/action_dispatch/middleware/static.rb:23:in `call'
rack (2.2.4) lib/rack/sendfile.rb:110:in `call'
actionpack (7.0.4) lib/action_dispatch/middleware/host_authorization.rb:137:in `call'
railties (7.0.4) lib/rails/engine.rb:530:in `call'
puma (5.6.5) lib/puma/configuration.rb:252:in `call'
puma (5.6.5) lib/puma/request.rb:77:in `block in handle_request'
puma (5.6.5) lib/puma/thread_pool.rb:340:in `with_force_shutdown'
puma (5.6.5) lib/puma/request.rb:76:in `handle_request'
puma (5.6.5) lib/puma/server.rb:443:in `process_client'
puma (5.6.5) lib/puma/thread_pool.rb:147:in `block in spawn_thread'
Started GET "/" for 127.0.0.1 at 2022-09-22 14:16:11 +0700
  [1m[36mActiveRecord::SchemaMigration Pluck (0.1ms)[0m  [1m[34mSELECT "schema_migrations"."version" FROM "schema_migrations" ORDER BY "schema_migrations"."version" ASC[0m
  [1m[36mCACHE ActiveRecord::SchemaMigration Pluck (0.0ms)[0m  [1m[34mSELECT "schema_migrations"."version" FROM "schema_migrations" ORDER BY "schema_migrations"."version" ASC[0m
  
ActiveRecord::PendingMigrationError (

Migrations are pending. To resolve this issue, run:

        bin/rails db:migrate RAILS_ENV=development

You have 2 pending migrations:

20220922065924_create_students.rb
20220922071401_create_scores.rb


):
  
activerecord (7.0.4) lib/active_record/migration.rb:627:in `check_pending!'
activerecord (7.0.4) lib/active_record/migration.rb:592:in `block (2 levels) in call'
activesupport (7.0.4) lib/active_support/file_update_checker.rb:83:in `execute'
activerecord (7.0.4) lib/active_record/migration.rb:597:in `block in call'
activerecord (7.0.4) lib/active_record/migration.rb:589:in `synchronize'
activerecord (7.0.4) lib/active_record/migration.rb:589:in `call'
actionpack (7.0.4) lib/action_dispatch/middleware/callbacks.rb:27:in `block in call'
activesupport (7.0.4) lib/active_support/callbacks.rb:99:in `run_callbacks'
actionpack (7.0.4) lib/action_dispatch/middleware/callbacks.rb:26:in `call'
actionpack (7.0.4) lib/action_dispatch/middleware/executor.rb:14:in `call'
actionpack (7.0.4) lib/action_dispatch/middleware/actionable_exceptions.rb:17:in `call'
actionpack (7.0.4) lib/action_dispatch/middleware/debug_exceptions.rb:28:in `call'
web-console (4.2.0) lib/web_console/middleware.rb:132:in `call_app'
web-console (4.2.0) lib/web_console/middleware.rb:28:in `block in call'
web-console (4.2.0) lib/web_console/middleware.rb:17:in `catch'
web-console (4.2.0) lib/web_console/middleware.rb:17:in `call'
actionpack (7.0.4) lib/action_dispatch/middleware/show_exceptions.rb:26:in `call'
railties (7.0.4) lib/rails/rack/logger.rb:40:in `call_app'
railties (7.0.4) lib/rails/rack/logger.rb:25:in `block in call'
activesupport (7.0.4) lib/active_support/tagged_logging.rb:99:in `block in tagged'
activesupport (7.0.4) lib/active_support/tagged_logging.rb:37:in `tagged'
activesupport (7.0.4) lib/active_support/tagged_logging.rb:99:in `tagged'
railties (7.0.4) lib/rails/rack/logger.rb:25:in `call'
sprockets-rails (3.4.2) lib/sprockets/rails/quiet_assets.rb:13:in `call'
actionpack (7.0.4) lib/action_dispatch/middleware/remote_ip.rb:93:in `call'
actionpack (7.0.4) lib/action_dispatch/middleware/request_id.rb:26:in `call'
rack (2.2.4) lib/rack/method_override.rb:24:in `call'
rack (2.2.4) lib/rack/runtime.rb:22:in `call'
activesupport (7.0.4) lib/active_support/cache/strategy/local_cache_middleware.rb:29:in `call'
actionpack (7.0.4) lib/action_dispatch/middleware/server_timing.rb:61:in `block in call'
actionpack (7.0.4) lib/action_dispatch/middleware/server_timing.rb:26:in `collect_events'
actionpack (7.0.4) lib/action_dispatch/middleware/server_timing.rb:60:in `call'
actionpack (7.0.4) lib/action_dispatch/middleware/executor.rb:14:in `call'
actionpack (7.0.4) lib/action_dispatch/middleware/static.rb:23:in `call'
rack (2.2.4) lib/rack/sendfile.rb:110:in `call'
actionpack (7.0.4) lib/action_dispatch/middleware/host_authorization.rb:137:in `call'
railties (7.0.4) lib/rails/engine.rb:530:in `call'
puma (5.6.5) lib/puma/configuration.rb:252:in `call'
puma (5.6.5) lib/puma/request.rb:77:in `block in handle_request'
puma (5.6.5) lib/puma/thread_pool.rb:340:in `with_force_shutdown'
puma (5.6.5) lib/puma/request.rb:76:in `handle_request'
puma (5.6.5) lib/puma/server.rb:443:in `process_client'
puma (5.6.5) lib/puma/thread_pool.rb:147:in `block in spawn_thread'
  [1m[36mActiveRecord::SchemaMigration Pluck (0.7ms)[0m  [1m[34mSELECT "schema_migrations"."version" FROM "schema_migrations" ORDER BY "schema_migrations"."version" ASC[0m
Migrating to CreateStudents (20220922065924)
  [1m[36mTRANSACTION (0.1ms)[0m  [1m[36mbegin transaction[0m
  [1m[35m (0.5ms)[0m  [1m[35mCREATE TABLE "students" ("id" integer PRIMARY KEY AUTOINCREMENT NOT NULL, "name" varchar, "dob" date, "student_no" varchar, "class_year" integer, "created_at" datetime(6) NOT NULL, "updated_at" datetime(6) NOT NULL)[0m
  [1m[36mActiveRecord::SchemaMigration Create (0.4ms)[0m  [1m[32mINSERT INTO "schema_migrations" ("version") VALUES (?)[0m  [["version", "20220922065924"]]
  [1m[36mTRANSACTION (11.2ms)[0m  [1m[36mcommit transaction[0m
Migrating to CreateScores (20220922071401)
  [1m[36mTRANSACTION (0.1ms)[0m  [1m[36mbegin transaction[0m
  [1m[35m (0.6ms)[0m  [1m[35mCREATE TABLE "scores" ("id" integer PRIMARY KEY AUTOINCREMENT NOT NULL, "subject" varchar, "point" integer, "grade" varchar, "student_id" integer NOT NULL, "created_at" datetime(6) NOT NULL, "updated_at" datetime(6) NOT NULL, CONSTRAINT "fk_rails_e7ff095b47"
FOREIGN KEY ("student_id")
  REFERENCES "students" ("id")
)[0m
  [1m[35m (0.2ms)[0m  [1m[35mCREATE INDEX "index_scores_on_student_id" ON "scores" ("student_id")[0m
  [1m[36mActiveRecord::SchemaMigration Create (0.4ms)[0m  [1m[32mINSERT INTO "schema_migrations" ("version") VALUES (?)[0m  [["version", "20220922071401"]]
  [1m[36mTRANSACTION (5.3ms)[0m  [1m[36mcommit transaction[0m
  [1m[36mActiveRecord::InternalMetadata Load (0.3ms)[0m  [1m[34mSELECT "ar_internal_metadata".* FROM "ar_internal_metadata" WHERE "ar_internal_metadata"."key" = ? LIMIT ?[0m  [["key", "environment"], ["LIMIT", 1]]
  [1m[36mTRANSACTION (0.1ms)[0m  [1m[36mbegin transaction[0m
  [1m[36mActiveRecord::InternalMetadata Create (1.6ms)[0m  [1m[32mINSERT INTO "ar_internal_metadata" ("key", "value", "created_at", "updated_at") VALUES (?, ?, ?, ?)[0m  [["key", "environment"], ["value", "development"], ["created_at", "2022-09-22 07:17:36.257161"], ["updated_at", "2022-09-22 07:17:36.257161"]]
  [1m[36mTRANSACTION (4.6ms)[0m  [1m[36mcommit transaction[0m
  [1m[36mActiveRecord::SchemaMigration Pluck (0.1ms)[0m  [1m[34mSELECT "schema_migrations"."version" FROM "schema_migrations" ORDER BY "schema_migrations"."version" ASC[0m
Started GET "/" for 127.0.0.1 at 2022-09-22 14:17:44 +0700
  [1m[36mActiveRecord::SchemaMigration Pluck (0.1ms)[0m  [1m[34mSELECT "schema_migrations"."version" FROM "schema_migrations" ORDER BY "schema_migrations"."version" ASC[0m
Processing by Rails::WelcomeController#index as HTML
  Rendering /usr/share/rvm/gems/ruby-3.1.2/gems/railties-7.0.4/lib/rails/templates/rails/welcome/index.html.erb
  Rendered /usr/share/rvm/gems/ruby-3.1.2/gems/railties-7.0.4/lib/rails/templates/rails/welcome/index.html.erb (Duration: 2.2ms | Allocations: 301)
Completed 200 OK in 18ms (Views: 4.1ms | ActiveRecord: 0.0ms | Allocations: 2827)


Started GET "/" for 127.0.0.1 at 2022-09-22 14:17:50 +0700
Processing by Rails::WelcomeController#index as HTML
  Rendering /usr/share/rvm/gems/ruby-3.1.2/gems/railties-7.0.4/lib/rails/templates/rails/welcome/index.html.erb
  Rendered /usr/share/rvm/gems/ruby-3.1.2/gems/railties-7.0.4/lib/rails/templates/rails/welcome/index.html.erb (Duration: 0.8ms | Allocations: 296)
Completed 200 OK in 3ms (Views: 1.9ms | ActiveRecord: 0.0ms | Allocations: 998)


Started GET "/main/" for 127.0.0.1 at 2022-09-22 14:18:53 +0700
  
ActionController::RoutingError (No route matches [GET] "/main"):
  
Started GET "/main" for 127.0.0.1 at 2022-09-22 14:18:56 +0700
  
ActionController::RoutingError (No route matches [GET] "/main"):
  
Started GET "/main/" for 127.0.0.1 at 2022-09-22 14:20:22 +0700
  
ActionController::RoutingError (No route matches [GET] "/main"):
  
Started GET "/main/student" for 127.0.0.1 at 2022-09-22 14:20:27 +0700
  
ActionController::RoutingError (No route matches [GET] "/main/student"):
  
Started GET "/" for 127.0.0.1 at 2022-09-22 14:22:51 +0700
Processing by Rails::WelcomeController#index as HTML
  Rendering /usr/share/rvm/gems/ruby-3.1.2/gems/railties-7.0.4/lib/rails/templates/rails/welcome/index.html.erb
  Rendered /usr/share/rvm/gems/ruby-3.1.2/gems/railties-7.0.4/lib/rails/templates/rails/welcome/index.html.erb (Duration: 0.1ms | Allocations: 19)
Completed 200 OK in 1ms (Views: 0.6ms | ActiveRecord: 0.0ms | Allocations: 269)


Started GET "/scores" for 127.0.0.1 at 2022-09-22 14:24:21 +0700
Processing by ScoresController#index as HTML
  Rendering layout layouts/application.html.erb
  Rendering scores/index.html.erb within layouts/application
  [1m[36mScore Load (0.1ms)[0m  [1m[34mSELECT "scores".* FROM "scores"[0m
  ↳ app/views/scores/index.html.erb:6
  Rendered scores/index.html.erb within layouts/application (Duration: 5.8ms | Allocations: 1382)
  Rendered layout layouts/application.html.erb (Duration: 680.2ms | Allocations: 87731)
Completed 200 OK in 700ms (Views: 684.3ms | ActiveRecord: 0.4ms | Allocations: 90920)


Started GET "/scores/new" for 127.0.0.1 at 2022-09-22 14:24:28 +0700
Processing by ScoresController#new as HTML
  Rendering layout layouts/application.html.erb
  Rendering scores/new.html.erb within layouts/application
  Rendered scores/_form.html.erb (Duration: 30.2ms | Allocations: 5270)
  Rendered scores/new.html.erb within layouts/application (Duration: 32.2ms | Allocations: 5604)
  Rendered layout layouts/application.html.erb (Duration: 39.9ms | Allocations: 7901)
Completed 200 OK in 62ms (Views: 40.6ms | ActiveRecord: 0.5ms | Allocations: 13166)


Started GET "/main/test" for 127.0.0.1 at 2022-09-22 14:24:39 +0700
  
ActionController::RoutingError (No route matches [GET] "/main/test"):
  
Started GET "/main/test" for 127.0.0.1 at 2022-09-22 14:24:44 +0700
  
ActionController::RoutingError (No route matches [GET] "/main/test"):
  
Started GET "/students" for 127.0.0.1 at 2022-09-22 14:24:52 +0700
Processing by StudentsController#index as HTML
  Rendering layout layouts/application.html.erb
  Rendering students/index.html.erb within layouts/application
  [1m[36mStudent Load (0.5ms)[0m  [1m[34mSELECT "students".* FROM "students"[0m
  ↳ app/views/students/index.html.erb:6
  Rendered students/index.html.erb within layouts/application (Duration: 2.6ms | Allocations: 1148)
  Rendered layout layouts/application.html.erb (Duration: 10.6ms | Allocations: 3573)
Completed 200 OK in 25ms (Views: 16.6ms | ActiveRecord: 0.5ms | Allocations: 5789)


Started GET "/students/new" for 127.0.0.1 at 2022-09-22 14:25:31 +0700
Processing by StudentsController#new as HTML
  Rendering layout layouts/application.html.erb
  Rendering students/new.html.erb within layouts/application
  Rendered students/_form.html.erb (Duration: 34.5ms | Allocations: 11197)
  Rendered students/new.html.erb within layouts/application (Duration: 37.8ms | Allocations: 11500)
  Rendered layout layouts/application.html.erb (Duration: 45.6ms | Allocations: 13793)
Completed 200 OK in 66ms (Views: 48.7ms | ActiveRecord: 0.5ms | Allocations: 17869)


Started POST "/students" for 127.0.0.1 at 2022-09-22 14:26:01 +0700
Processing by StudentsController#create as TURBO_STREAM
  Parameters: {"authenticity_token"=>"[FILTERED]", "student"=>{"name"=>"Nid", "dob"=>"2022-09-22", "student_no"=>"1", "class_year"=>"3"}, "commit"=>"Create Student"}
  [1m[36mTRANSACTION (0.1ms)[0m  [1m[36mbegin transaction[0m
  ↳ app/controllers/students_controller.rb:27:in `block in create'
  [1m[36mStudent Create (0.4ms)[0m  [1m[32mINSERT INTO "students" ("name", "dob", "student_no", "class_year", "created_at", "updated_at") VALUES (?, ?, ?, ?, ?, ?)[0m  [["name", "Nid"], ["dob", "2022-09-22"], ["student_no", "1"], ["class_year", 3], ["created_at", "2022-09-22 07:26:01.275251"], ["updated_at", "2022-09-22 07:26:01.275251"]]
  ↳ app/controllers/students_controller.rb:27:in `block in create'
  [1m[36mTRANSACTION (6.5ms)[0m  [1m[36mcommit transaction[0m
  ↳ app/controllers/students_controller.rb:27:in `block in create'
Redirected to http://127.0.0.1:3000/students/1
Completed 302 Found in 15ms (ActiveRecord: 7.0ms | Allocations: 4042)


Started GET "/students/1" for 127.0.0.1 at 2022-09-22 14:26:01 +0700
Processing by StudentsController#show as TURBO_STREAM
  Parameters: {"id"=>"1"}
  [1m[36mStudent Load (0.2ms)[0m  [1m[34mSELECT "students".* FROM "students" WHERE "students"."id" = ? LIMIT ?[0m  [["id", 1], ["LIMIT", 1]]
  ↳ app/controllers/students_controller.rb:63:in `set_student'
  Rendering layout layouts/application.html.erb
  Rendering students/show.html.erb within layouts/application
  Rendered students/_student.html.erb (Duration: 0.6ms | Allocations: 286)
  Rendered students/show.html.erb within layouts/application (Duration: 4.6ms | Allocations: 1642)
  Rendered layout layouts/application.html.erb (Duration: 9.5ms | Allocations: 3923)
Completed 200 OK in 14ms (Views: 10.2ms | ActiveRecord: 0.2ms | Allocations: 6734)


Started GET "/students/1/edit" for 127.0.0.1 at 2022-09-22 14:26:07 +0700
Processing by StudentsController#edit as HTML
  Parameters: {"id"=>"1"}
  [1m[36mStudent Load (0.1ms)[0m  [1m[34mSELECT "students".* FROM "students" WHERE "students"."id" = ? LIMIT ?[0m  [["id", 1], ["LIMIT", 1]]
  ↳ app/controllers/students_controller.rb:63:in `set_student'
  Rendering layout layouts/application.html.erb
  Rendering students/edit.html.erb within layouts/application
  Rendered students/_form.html.erb (Duration: 7.2ms | Allocations: 1707)
  Rendered students/edit.html.erb within layouts/application (Duration: 8.2ms | Allocations: 1983)
  Rendered layout layouts/application.html.erb (Duration: 16.1ms | Allocations: 4158)
Completed 200 OK in 26ms (Views: 21.5ms | ActiveRecord: 0.1ms | Allocations: 5030)


Started PATCH "/students/1" for 127.0.0.1 at 2022-09-22 14:26:11 +0700
Processing by StudentsController#update as TURBO_STREAM
  Parameters: {"authenticity_token"=>"[FILTERED]", "student"=>{"name"=>"Nid", "dob"=>"2022-09-22", "student_no"=>"1", "class_year"=>"3"}, "commit"=>"Update Student", "id"=>"1"}
  [1m[36mStudent Load (0.1ms)[0m  [1m[34mSELECT "students".* FROM "students" WHERE "students"."id" = ? LIMIT ?[0m  [["id", 1], ["LIMIT", 1]]
  ↳ app/controllers/students_controller.rb:63:in `set_student'
Redirected to http://127.0.0.1:3000/students/1
Completed 302 Found in 4ms (ActiveRecord: 0.1ms | Allocations: 1332)


Started GET "/students/1" for 127.0.0.1 at 2022-09-22 14:26:11 +0700
Processing by StudentsController#show as TURBO_STREAM
  Parameters: {"id"=>"1"}
  [1m[36mStudent Load (0.4ms)[0m  [1m[34mSELECT "students".* FROM "students" WHERE "students"."id" = ? LIMIT ?[0m  [["id", 1], ["LIMIT", 1]]
  ↳ app/controllers/students_controller.rb:63:in `set_student'
  Rendering layout layouts/application.html.erb
  Rendering students/show.html.erb within layouts/application
  Rendered students/_student.html.erb (Duration: 0.1ms | Allocations: 30)
  Rendered students/show.html.erb within layouts/application (Duration: 1.2ms | Allocations: 569)
  Rendered layout layouts/application.html.erb (Duration: 4.2ms | Allocations: 2743)
Completed 200 OK in 7ms (Views: 4.7ms | ActiveRecord: 0.4ms | Allocations: 3480)


Started GET "/students" for 127.0.0.1 at 2022-09-22 14:26:12 +0700
Processing by StudentsController#index as HTML
  Rendering layout layouts/application.html.erb
  Rendering students/index.html.erb within layouts/application
  [1m[36mStudent Load (0.1ms)[0m  [1m[34mSELECT "students".* FROM "students"[0m
  ↳ app/views/students/index.html.erb:6
  Rendered students/_student.html.erb (Duration: 0.1ms | Allocations: 30)
  Rendered students/index.html.erb within layouts/application (Duration: 25.2ms | Allocations: 924)
  Rendered layout layouts/application.html.erb (Duration: 30.8ms | Allocations: 3120)
Completed 200 OK in 34ms (Views: 33.8ms | ActiveRecord: 0.1ms | Allocations: 3393)


Started GET "/students/new" for 127.0.0.1 at 2022-09-22 14:26:14 +0700
Processing by StudentsController#new as HTML
  Rendering layout layouts/application.html.erb
  Rendering students/new.html.erb within layouts/application
  Rendered students/_form.html.erb (Duration: 3.8ms | Allocations: 1467)
  Rendered students/new.html.erb within layouts/application (Duration: 4.5ms | Allocations: 1554)
  Rendered layout layouts/application.html.erb (Duration: 11.0ms | Allocations: 3736)
Completed 200 OK in 13ms (Views: 12.2ms | ActiveRecord: 0.0ms | Allocations: 4014)


Started POST "/students" for 127.0.0.1 at 2022-09-22 14:26:38 +0700
Processing by StudentsController#create as TURBO_STREAM
  Parameters: {"authenticity_token"=>"[FILTERED]", "student"=>{"name"=>"Ken", "dob"=>"2022-09-17", "student_no"=>"2", "class_year"=>"4"}, "commit"=>"Create Student"}
  [1m[36mTRANSACTION (0.1ms)[0m  [1m[36mbegin transaction[0m
  ↳ app/controllers/students_controller.rb:27:in `block in create'
  [1m[36mStudent Create (0.4ms)[0m  [1m[32mINSERT INTO "students" ("name", "dob", "student_no", "class_year", "created_at", "updated_at") VALUES (?, ?, ?, ?, ?, ?)[0m  [["name", "Ken"], ["dob", "2022-09-17"], ["student_no", "2"], ["class_year", 4], ["created_at", "2022-09-22 07:26:38.109693"], ["updated_at", "2022-09-22 07:26:38.109693"]]
  ↳ app/controllers/students_controller.rb:27:in `block in create'
  [1m[36mTRANSACTION (5.3ms)[0m  [1m[36mcommit transaction[0m
  ↳ app/controllers/students_controller.rb:27:in `block in create'
Redirected to http://127.0.0.1:3000/students/2
Completed 302 Found in 15ms (ActiveRecord: 5.8ms | Allocations: 2377)


Started GET "/students/2" for 127.0.0.1 at 2022-09-22 14:26:38 +0700
Processing by StudentsController#show as TURBO_STREAM
  Parameters: {"id"=>"2"}
  [1m[36mStudent Load (0.1ms)[0m  [1m[34mSELECT "students".* FROM "students" WHERE "students"."id" = ? LIMIT ?[0m  [["id", 2], ["LIMIT", 1]]
  ↳ app/controllers/students_controller.rb:63:in `set_student'
  Rendering layout layouts/application.html.erb
  Rendering students/show.html.erb within layouts/application
  Rendered students/_student.html.erb (Duration: 0.1ms | Allocations: 30)
  Rendered students/show.html.erb within layouts/application (Duration: 1.2ms | Allocations: 584)
  Rendered layout layouts/application.html.erb (Duration: 4.9ms | Allocations: 2758)
Completed 200 OK in 7ms (Views: 5.7ms | ActiveRecord: 0.1ms | Allocations: 3494)


Started GET "/" for 127.0.0.1 at 2022-09-22 14:26:48 +0700
Processing by Rails::WelcomeController#index as HTML
  Rendering /usr/share/rvm/gems/ruby-3.1.2/gems/railties-7.0.4/lib/rails/templates/rails/welcome/index.html.erb
  Rendered /usr/share/rvm/gems/ruby-3.1.2/gems/railties-7.0.4/lib/rails/templates/rails/welcome/index.html.erb (Duration: 0.1ms | Allocations: 19)
Completed 200 OK in 1ms (Views: 0.6ms | ActiveRecord: 0.0ms | Allocations: 231)


Started GET "/scores" for 127.0.0.1 at 2022-09-22 14:26:54 +0700
Processing by ScoresController#index as HTML
  Rendering layout layouts/application.html.erb
  Rendering scores/index.html.erb within layouts/application
  [1m[36mScore Load (0.1ms)[0m  [1m[34mSELECT "scores".* FROM "scores"[0m
  ↳ app/views/scores/index.html.erb:6
  Rendered scores/index.html.erb within layouts/application (Duration: 4.3ms | Allocations: 735)
  Rendered layout layouts/application.html.erb (Duration: 11.9ms | Allocations: 2917)
Completed 200 OK in 13ms (Views: 12.5ms | ActiveRecord: 0.1ms | Allocations: 3188)


Started GET "/scores/new" for 127.0.0.1 at 2022-09-22 14:26:56 +0700
Processing by ScoresController#new as HTML
  Rendering layout layouts/application.html.erb
  Rendering scores/new.html.erb within layouts/application
  Rendered scores/_form.html.erb (Duration: 2.5ms | Allocations: 1427)
  Rendered scores/new.html.erb within layouts/application (Duration: 4.8ms | Allocations: 1514)
  Rendered layout layouts/application.html.erb (Duration: 14.3ms | Allocations: 3696)
Completed 200 OK in 15ms (Views: 14.9ms | ActiveRecord: 0.0ms | Allocations: 3971)


Started POST "/scores" for 127.0.0.1 at 2022-09-22 14:27:07 +0700
Processing by ScoresController#create as TURBO_STREAM
  Parameters: {"authenticity_token"=>"[FILTERED]", "score"=>{"subject"=>"cal", "point"=>"80", "grade"=>"A", "student_id"=>"1"}, "commit"=>"Create Score"}
  [1m[36mTRANSACTION (0.1ms)[0m  [1m[36mbegin transaction[0m
  ↳ app/controllers/scores_controller.rb:27:in `block in create'
  [1m[36mStudent Load (0.1ms)[0m  [1m[34mSELECT "students".* FROM "students" WHERE "students"."id" = ? LIMIT ?[0m  [["id", 1], ["LIMIT", 1]]
  ↳ app/controllers/scores_controller.rb:27:in `block in create'
  [1m[36mScore Create (0.3ms)[0m  [1m[32mINSERT INTO "scores" ("subject", "point", "grade", "student_id", "created_at", "updated_at") VALUES (?, ?, ?, ?, ?, ?)[0m  [["subject", "cal"], ["point", 80], ["grade", "A"], ["student_id", 1], ["created_at", "2022-09-22 07:27:07.696028"], ["updated_at", "2022-09-22 07:27:07.696028"]]
  ↳ app/controllers/scores_controller.rb:27:in `block in create'
  [1m[36mTRANSACTION (6.2ms)[0m  [1m[36mcommit transaction[0m
  ↳ app/controllers/scores_controller.rb:27:in `block in create'
Redirected to http://localhost:3000/scores/1
Completed 302 Found in 53ms (ActiveRecord: 6.7ms | Allocations: 14710)


Started GET "/scores/1" for 127.0.0.1 at 2022-09-22 14:27:07 +0700
Processing by ScoresController#show as TURBO_STREAM
  Parameters: {"id"=>"1"}
  [1m[36mScore Load (0.1ms)[0m  [1m[34mSELECT "scores".* FROM "scores" WHERE "scores"."id" = ? LIMIT ?[0m  [["id", 1], ["LIMIT", 1]]
  ↳ app/controllers/scores_controller.rb:63:in `set_score'
  Rendering layout layouts/application.html.erb
  Rendering scores/show.html.erb within layouts/application
  Rendered scores/_score.html.erb (Duration: 0.8ms | Allocations: 223)
  Rendered scores/show.html.erb within layouts/application (Duration: 2.8ms | Allocations: 1239)
  Rendered layout layouts/application.html.erb (Duration: 6.8ms | Allocations: 3526)
Completed 200 OK in 10ms (Views: 7.5ms | ActiveRecord: 0.1ms | Allocations: 5036)


Started GET "/scores" for 127.0.0.1 at 2022-09-22 14:27:12 +0700
Processing by ScoresController#index as HTML
  Rendering layout layouts/application.html.erb
  Rendering scores/index.html.erb within layouts/application
  [1m[36mScore Load (0.1ms)[0m  [1m[34mSELECT "scores".* FROM "scores"[0m
  ↳ app/views/scores/index.html.erb:6
  Rendered scores/_score.html.erb (Duration: 0.1ms | Allocations: 23)
  Rendered scores/index.html.erb within layouts/application (Duration: 3.8ms | Allocations: 892)
  Rendered layout layouts/application.html.erb (Duration: 14.6ms | Allocations: 3074)
Completed 200 OK in 16ms (Views: 15.6ms | ActiveRecord: 0.1ms | Allocations: 3345)


Started GET "/scores/new" for 127.0.0.1 at 2022-09-22 14:27:14 +0700
Processing by ScoresController#new as HTML
  Rendering layout layouts/application.html.erb
  Rendering scores/new.html.erb within layouts/application
  Rendered scores/_form.html.erb (Duration: 5.9ms | Allocations: 1508)
  Rendered scores/new.html.erb within layouts/application (Duration: 6.3ms | Allocations: 1596)
  Rendered layout layouts/application.html.erb (Duration: 13.9ms | Allocations: 3778)
Completed 200 OK in 16ms (Views: 16.0ms | ActiveRecord: 0.0ms | Allocations: 4056)


Started POST "/scores" for 127.0.0.1 at 2022-09-22 14:27:28 +0700
Processing by ScoresController#create as TURBO_STREAM
  Parameters: {"authenticity_token"=>"[FILTERED]", "score"=>{"subject"=>"cal", "point"=>"90", "grade"=>"A", "student_id"=>"2"}, "commit"=>"Create Score"}
  [1m[36mTRANSACTION (0.1ms)[0m  [1m[36mbegin transaction[0m
  ↳ app/controllers/scores_controller.rb:27:in `block in create'
  [1m[36mStudent Load (0.1ms)[0m  [1m[34mSELECT "students".* FROM "students" WHERE "students"."id" = ? LIMIT ?[0m  [["id", 2], ["LIMIT", 1]]
  ↳ app/controllers/scores_controller.rb:27:in `block in create'
  [1m[36mScore Create (0.7ms)[0m  [1m[32mINSERT INTO "scores" ("subject", "point", "grade", "student_id", "created_at", "updated_at") VALUES (?, ?, ?, ?, ?, ?)[0m  [["subject", "cal"], ["point", 90], ["grade", "A"], ["student_id", 2], ["created_at", "2022-09-22 07:27:28.507528"], ["updated_at", "2022-09-22 07:27:28.507528"]]
  ↳ app/controllers/scores_controller.rb:27:in `block in create'
  [1m[36mTRANSACTION (4.7ms)[0m  [1m[36mcommit transaction[0m
  ↳ app/controllers/scores_controller.rb:27:in `block in create'
Redirected to http://localhost:3000/scores/2
Completed 302 Found in 25ms (ActiveRecord: 5.6ms | Allocations: 3252)


Started GET "/scores/2" for 127.0.0.1 at 2022-09-22 14:27:28 +0700
Processing by ScoresController#show as TURBO_STREAM
  Parameters: {"id"=>"2"}
  [1m[36mScore Load (0.1ms)[0m  [1m[34mSELECT "scores".* FROM "scores" WHERE "scores"."id" = ? LIMIT ?[0m  [["id", 2], ["LIMIT", 1]]
  ↳ app/controllers/scores_controller.rb:63:in `set_score'
  Rendering layout layouts/application.html.erb
  Rendering scores/show.html.erb within layouts/application
  Rendered scores/_score.html.erb (Duration: 0.1ms | Allocations: 23)
  Rendered scores/show.html.erb within layouts/application (Duration: 1.1ms | Allocations: 576)
  Rendered layout layouts/application.html.erb (Duration: 4.2ms | Allocations: 2751)
Completed 200 OK in 7ms (Views: 4.8ms | ActiveRecord: 0.1ms | Allocations: 3485)


Started GET "/scores" for 127.0.0.1 at 2022-09-22 14:27:30 +0700
Processing by ScoresController#index as HTML
  Rendering layout layouts/application.html.erb
  Rendering scores/index.html.erb within layouts/application
  [1m[36mScore Load (0.1ms)[0m  [1m[34mSELECT "scores".* FROM "scores"[0m
  ↳ app/views/scores/index.html.erb:6
  Rendered scores/_score.html.erb (Duration: 0.1ms | Allocations: 23)
  Rendered scores/_score.html.erb (Duration: 0.1ms | Allocations: 22)
  Rendered scores/index.html.erb within layouts/application (Duration: 3.9ms | Allocations: 1041)
  Rendered layout layouts/application.html.erb (Duration: 14.6ms | Allocations: 3223)
Completed 200 OK in 16ms (Views: 15.2ms | ActiveRecord: 0.1ms | Allocations: 3493)


Started GET "/scores/new" for 127.0.0.1 at 2022-09-22 14:27:32 +0700
Processing by ScoresController#new as HTML
  Rendering layout layouts/application.html.erb
  Rendering scores/new.html.erb within layouts/application
  Rendered scores/_form.html.erb (Duration: 6.8ms | Allocations: 1457)
  Rendered scores/new.html.erb within layouts/application (Duration: 7.6ms | Allocations: 1544)
  Rendered layout layouts/application.html.erb (Duration: 15.3ms | Allocations: 3726)
Completed 200 OK in 16ms (Views: 16.0ms | ActiveRecord: 0.0ms | Allocations: 4000)


Started POST "/scores" for 127.0.0.1 at 2022-09-22 14:27:53 +0700
Processing by ScoresController#create as TURBO_STREAM
  Parameters: {"authenticity_token"=>"[FILTERED]", "score"=>{"subject"=>"com", "point"=>"76", "grade"=>"B+", "student_id"=>"1"}, "commit"=>"Create Score"}
  [1m[36mTRANSACTION (0.1ms)[0m  [1m[36mbegin transaction[0m
  ↳ app/controllers/scores_controller.rb:27:in `block in create'
  [1m[36mStudent Load (0.1ms)[0m  [1m[34mSELECT "students".* FROM "students" WHERE "students"."id" = ? LIMIT ?[0m  [["id", 1], ["LIMIT", 1]]
  ↳ app/controllers/scores_controller.rb:27:in `block in create'
  [1m[36mScore Create (0.9ms)[0m  [1m[32mINSERT INTO "scores" ("subject", "point", "grade", "student_id", "created_at", "updated_at") VALUES (?, ?, ?, ?, ?, ?)[0m  [["subject", "com"], ["point", 76], ["grade", "B+"], ["student_id", 1], ["created_at", "2022-09-22 07:27:53.707839"], ["updated_at", "2022-09-22 07:27:53.707839"]]
  ↳ app/controllers/scores_controller.rb:27:in `block in create'
  [1m[36mTRANSACTION (4.5ms)[0m  [1m[36mcommit transaction[0m
  ↳ app/controllers/scores_controller.rb:27:in `block in create'
Redirected to http://localhost:3000/scores/3
Completed 302 Found in 21ms (ActiveRecord: 5.6ms | Allocations: 3230)


Started GET "/scores/3" for 127.0.0.1 at 2022-09-22 14:27:53 +0700
Processing by ScoresController#show as TURBO_STREAM
  Parameters: {"id"=>"3"}
  [1m[36mScore Load (0.1ms)[0m  [1m[34mSELECT "scores".* FROM "scores" WHERE "scores"."id" = ? LIMIT ?[0m  [["id", 3], ["LIMIT", 1]]
  ↳ app/controllers/scores_controller.rb:63:in `set_score'
  Rendering layout layouts/application.html.erb
  Rendering scores/show.html.erb within layouts/application
  Rendered scores/_score.html.erb (Duration: 0.1ms | Allocations: 23)
  Rendered scores/show.html.erb within layouts/application (Duration: 1.0ms | Allocations: 568)
  Rendered layout layouts/application.html.erb (Duration: 4.1ms | Allocations: 2742)
Completed 200 OK in 6ms (Views: 4.7ms | ActiveRecord: 0.1ms | Allocations: 3476)


Started GET "/scores" for 127.0.0.1 at 2022-09-22 14:27:57 +0700
Processing by ScoresController#index as HTML
  Rendering layout layouts/application.html.erb
  Rendering scores/index.html.erb within layouts/application
  [1m[36mScore Load (0.1ms)[0m  [1m[34mSELECT "scores".* FROM "scores"[0m
  ↳ app/views/scores/index.html.erb:6
  Rendered scores/_score.html.erb (Duration: 0.1ms | Allocations: 23)
  Rendered scores/_score.html.erb (Duration: 0.1ms | Allocations: 22)
  Rendered scores/_score.html.erb (Duration: 0.1ms | Allocations: 22)
  Rendered scores/index.html.erb within layouts/application (Duration: 4.5ms | Allocations: 1156)
  Rendered layout layouts/application.html.erb (Duration: 22.9ms | Allocations: 3338)
Completed 200 OK in 24ms (Views: 23.6ms | ActiveRecord: 0.1ms | Allocations: 3609)


Started GET "/scores/new" for 127.0.0.1 at 2022-09-22 14:27:59 +0700
Processing by ScoresController#new as HTML
  Rendering layout layouts/application.html.erb
  Rendering scores/new.html.erb within layouts/application
  Rendered scores/_form.html.erb (Duration: 3.2ms | Allocations: 1460)
  Rendered scores/new.html.erb within layouts/application (Duration: 8.5ms | Allocations: 1547)
  Rendered layout layouts/application.html.erb (Duration: 16.2ms | Allocations: 3743)
Completed 200 OK in 19ms (Views: 18.0ms | ActiveRecord: 0.0ms | Allocations: 4018)


Started POST "/scores" for 127.0.0.1 at 2022-09-22 14:28:15 +0700
Processing by ScoresController#create as TURBO_STREAM
  Parameters: {"authenticity_token"=>"[FILTERED]", "score"=>{"subject"=>"com", "point"=>"74", "grade"=>"B", "student_id"=>"2"}, "commit"=>"Create Score"}
  [1m[36mTRANSACTION (0.1ms)[0m  [1m[36mbegin transaction[0m
  ↳ app/controllers/scores_controller.rb:27:in `block in create'
  [1m[36mStudent Load (0.1ms)[0m  [1m[34mSELECT "students".* FROM "students" WHERE "students"."id" = ? LIMIT ?[0m  [["id", 2], ["LIMIT", 1]]
  ↳ app/controllers/scores_controller.rb:27:in `block in create'
  [1m[36mScore Create (1.4ms)[0m  [1m[32mINSERT INTO "scores" ("subject", "point", "grade", "student_id", "created_at", "updated_at") VALUES (?, ?, ?, ?, ?, ?)[0m  [["subject", "com"], ["point", 74], ["grade", "B"], ["student_id", 2], ["created_at", "2022-09-22 07:28:15.813491"], ["updated_at", "2022-09-22 07:28:15.813491"]]
  ↳ app/controllers/scores_controller.rb:27:in `block in create'
  [1m[36mTRANSACTION (5.0ms)[0m  [1m[36mcommit transaction[0m
  ↳ app/controllers/scores_controller.rb:27:in `block in create'
Redirected to http://localhost:3000/scores/4
Completed 302 Found in 26ms (ActiveRecord: 6.6ms | Allocations: 3227)


Started GET "/scores/4" for 127.0.0.1 at 2022-09-22 14:28:15 +0700
Processing by ScoresController#show as TURBO_STREAM
  Parameters: {"id"=>"4"}
  [1m[36mScore Load (0.1ms)[0m  [1m[34mSELECT "scores".* FROM "scores" WHERE "scores"."id" = ? LIMIT ?[0m  [["id", 4], ["LIMIT", 1]]
  ↳ app/controllers/scores_controller.rb:63:in `set_score'
  Rendering layout layouts/application.html.erb
  Rendering scores/show.html.erb within layouts/application
  Rendered scores/_score.html.erb (Duration: 0.1ms | Allocations: 23)
  Rendered scores/show.html.erb within layouts/application (Duration: 1.1ms | Allocations: 592)
  Rendered layout layouts/application.html.erb (Duration: 4.0ms | Allocations: 2766)
Completed 200 OK in 6ms (Views: 4.6ms | ActiveRecord: 0.1ms | Allocations: 3500)


Started GET "/scores" for 127.0.0.1 at 2022-09-22 14:28:18 +0700
Processing by ScoresController#index as HTML
  Rendering layout layouts/application.html.erb
  Rendering scores/index.html.erb within layouts/application
  [1m[36mScore Load (0.1ms)[0m  [1m[34mSELECT "scores".* FROM "scores"[0m
  ↳ app/views/scores/index.html.erb:6
  Rendered scores/_score.html.erb (Duration: 0.1ms | Allocations: 23)
  Rendered scores/_score.html.erb (Duration: 0.1ms | Allocations: 22)
  Rendered scores/_score.html.erb (Duration: 0.1ms | Allocations: 22)
  Rendered scores/_score.html.erb (Duration: 0.1ms | Allocations: 22)
  Rendered scores/index.html.erb within layouts/application (Duration: 11.8ms | Allocations: 1299)
  Rendered layout layouts/application.html.erb (Duration: 17.4ms | Allocations: 3481)
Completed 200 OK in 18ms (Views: 17.9ms | ActiveRecord: 0.1ms | Allocations: 3752)


Started GET "/scores/1" for 127.0.0.1 at 2022-09-22 14:28:19 +0700
Processing by ScoresController#show as HTML
  Parameters: {"id"=>"1"}
  [1m[36mScore Load (0.1ms)[0m  [1m[34mSELECT "scores".* FROM "scores" WHERE "scores"."id" = ? LIMIT ?[0m  [["id", 1], ["LIMIT", 1]]
  ↳ app/controllers/scores_controller.rb:63:in `set_score'
  Rendering layout layouts/application.html.erb
  Rendering scores/show.html.erb within layouts/application
  Rendered scores/_score.html.erb (Duration: 0.1ms | Allocations: 23)
  Rendered scores/show.html.erb within layouts/application (Duration: 1.2ms | Allocations: 561)
  Rendered layout layouts/application.html.erb (Duration: 6.7ms | Allocations: 2735)
Completed 200 OK in 15ms (Views: 11.7ms | ActiveRecord: 0.1ms | Allocations: 3466)


Started GET "/scores" for 127.0.0.1 at 2022-09-22 14:28:23 +0700
Processing by ScoresController#index as HTML
  Rendering layout layouts/application.html.erb
  Rendering scores/index.html.erb within layouts/application
  [1m[36mScore Load (0.2ms)[0m  [1m[34mSELECT "scores".* FROM "scores"[0m
  ↳ app/views/scores/index.html.erb:6
  Rendered scores/_score.html.erb (Duration: 0.1ms | Allocations: 23)
  Rendered scores/_score.html.erb (Duration: 0.1ms | Allocations: 22)
  Rendered scores/_score.html.erb (Duration: 0.1ms | Allocations: 22)
  Rendered scores/_score.html.erb (Duration: 0.1ms | Allocations: 22)
  Rendered scores/index.html.erb within layouts/application (Duration: 8.4ms | Allocations: 1299)
  Rendered layout layouts/application.html.erb (Duration: 15.0ms | Allocations: 3481)
Completed 200 OK in 16ms (Views: 15.8ms | ActiveRecord: 0.2ms | Allocations: 3751)


Started GET "/scores/new" for 127.0.0.1 at 2022-09-22 14:28:26 +0700
Processing by ScoresController#new as HTML
  Rendering layout layouts/application.html.erb
  Rendering scores/new.html.erb within layouts/application
  Rendered scores/_form.html.erb (Duration: 6.6ms | Allocations: 1445)
  Rendered scores/new.html.erb within layouts/application (Duration: 7.0ms | Allocations: 1532)
  Rendered layout layouts/application.html.erb (Duration: 13.5ms | Allocations: 3714)
Completed 200 OK in 17ms (Views: 17.0ms | ActiveRecord: 0.0ms | Allocations: 3988)


Started GET "/students" for 127.0.0.1 at 2022-09-22 14:28:34 +0700
Processing by StudentsController#index as HTML
  Rendering layout layouts/application.html.erb
  Rendering students/index.html.erb within layouts/application
  [1m[36mStudent Load (0.1ms)[0m  [1m[34mSELECT "students".* FROM "students"[0m
  ↳ app/views/students/index.html.erb:6
  Rendered students/_student.html.erb (Duration: 0.1ms | Allocations: 33)
  Rendered students/_student.html.erb (Duration: 0.1ms | Allocations: 29)
  Rendered students/index.html.erb within layouts/application (Duration: 2.8ms | Allocations: 1036)
  Rendered layout layouts/application.html.erb (Duration: 9.5ms | Allocations: 3218)
Completed 200 OK in 11ms (Views: 10.0ms | ActiveRecord: 0.1ms | Allocations: 3489)


Started GET "/students/2" for 127.0.0.1 at 2022-09-22 14:32:17 +0700
Processing by StudentsController#show as HTML
  Parameters: {"id"=>"2"}
  [1m[36mStudent Load (0.1ms)[0m  [1m[34mSELECT "students".* FROM "students" WHERE "students"."id" = ? LIMIT ?[0m  [["id", 2], ["LIMIT", 1]]
  ↳ app/controllers/students_controller.rb:63:in `set_student'
  Rendering layout layouts/application.html.erb
  Rendering students/show.html.erb within layouts/application
  Rendered students/_student.html.erb (Duration: 0.1ms | Allocations: 30)
  Rendered students/show.html.erb within layouts/application (Duration: 8.1ms | Allocations: 583)
  Rendered layout layouts/application.html.erb (Duration: 28.7ms | Allocations: 2758)
Completed 200 OK in 42ms (Views: 34.0ms | ActiveRecord: 0.1ms | Allocations: 3491)


Started GET "/students/2/edit_score" for 127.0.0.1 at 2022-09-22 14:39:11 +0700
  
SyntaxError (/home/nidey/Lec07/config/routes.rb:13: syntax error, unexpected end-of-input, expecting `end'):
  
config/routes.rb:13: syntax error, unexpected end-of-input, expecting `end'
config/routes.rb:13: syntax error, unexpected end-of-input, expecting `end'
config/routes.rb:13: syntax error, unexpected end-of-input, expecting `end'
Started GET "/students/2/edit_score" for 127.0.0.1 at 2022-09-22 14:39:24 +0700
  
SyntaxError (/home/nidey/Lec07/config/routes.rb:13: syntax error, unexpected end-of-input, expecting `end'):
  
config/routes.rb:13: syntax error, unexpected end-of-input, expecting `end'
config/routes.rb:13: syntax error, unexpected end-of-input, expecting `end'
config/routes.rb:13: syntax error, unexpected end-of-input, expecting `end'
Started GET "/students/2/edit_score" for 127.0.0.1 at 2022-09-22 14:40:27 +0700
  
ActionController::RoutingError (No route matches [GET] "/students/2/edit_score"):
  
Started GET "/students/:2/edit_score" for 127.0.0.1 at 2022-09-22 14:40:33 +0700
  
ActionController::RoutingError (No route matches [GET] "/students/:2/edit_score"):
  
Started GET "/students/1" for 127.0.0.1 at 2022-09-22 14:42:28 +0700
  
ActionController::RoutingError (No route matches [GET] "/students/1"):
  
Started GET "/students" for 127.0.0.1 at 2022-09-22 14:42:34 +0700
  
ActionController::RoutingError (No route matches [GET] "/students"):
  
Started GET "/students/1" for 127.0.0.1 at 2022-09-22 14:42:46 +0700
  
ActionController::RoutingError (No route matches [GET] "/students/1"):
  
Started GET "/students" for 127.0.0.1 at 2022-09-22 14:42:57 +0700
  
ActionController::RoutingError (No route matches [GET] "/students"):
  
Started GET "/" for 127.0.0.1 at 2022-09-22 14:44:58 +0700
  
SyntaxError (/home/nidey/Lec07/config/routes.rb:13: syntax error, unexpected end-of-input, expecting `end'):
  
config/routes.rb:13: syntax error, unexpected end-of-input, expecting `end'
config/routes.rb:13: syntax error, unexpected end-of-input, expecting `end'
config/routes.rb:13: syntax error, unexpected end-of-input, expecting `end'
Started GET "/students" for 127.0.0.1 at 2022-09-22 14:45:24 +0700
Processing by StudentsController#index as HTML
  Rendering layout layouts/application.html.erb
  Rendering students/index.html.erb within layouts/application
  [1m[36mStudent Load (0.1ms)[0m  [1m[34mSELECT "students".* FROM "students"[0m
  ↳ app/views/students/index.html.erb:6
  Rendered students/_student.html.erb (Duration: 0.1ms | Allocations: 61)
  Rendered students/_student.html.erb (Duration: 0.1ms | Allocations: 29)
  Rendered students/index.html.erb within layouts/application (Duration: 12.7ms | Allocations: 3172)
  Rendered layout layouts/application.html.erb (Duration: 51.5ms | Allocations: 16830)
Completed 200 OK in 63ms (Views: 58.1ms | ActiveRecord: 0.4ms | Allocations: 18636)


Started GET "/students/1/edit_score" for 127.0.0.1 at 2022-09-22 14:45:31 +0700
  
AbstractController::ActionNotFound (The action 'edit_score' could not be found for StudentsController):
  
actionpack (7.0.4) lib/abstract_controller/base.rb:146:in `process'
actionview (7.0.4) lib/action_view/rendering.rb:39:in `process'
actionpack (7.0.4) lib/action_controller/metal.rb:188:in `dispatch'
actionpack (7.0.4) lib/action_controller/metal.rb:251:in `dispatch'
actionpack (7.0.4) lib/action_dispatch/routing/route_set.rb:49:in `dispatch'
actionpack (7.0.4) lib/action_dispatch/routing/route_set.rb:32:in `serve'
actionpack (7.0.4) lib/action_dispatch/journey/router.rb:50:in `block in serve'
actionpack (7.0.4) lib/action_dispatch/journey/router.rb:32:in `each'
actionpack (7.0.4) lib/action_dispatch/journey/router.rb:32:in `serve'
actionpack (7.0.4) lib/action_dispatch/routing/route_set.rb:852:in `call'
rack (2.2.4) lib/rack/tempfile_reaper.rb:15:in `call'
rack (2.2.4) lib/rack/etag.rb:27:in `call'
rack (2.2.4) lib/rack/conditional_get.rb:27:in `call'
rack (2.2.4) lib/rack/head.rb:12:in `call'
actionpack (7.0.4) lib/action_dispatch/http/permissions_policy.rb:38:in `call'
actionpack (7.0.4) lib/action_dispatch/http/content_security_policy.rb:36:in `call'
rack (2.2.4) lib/rack/session/abstract/id.rb:266:in `context'
rack (2.2.4) lib/rack/session/abstract/id.rb:260:in `call'
actionpack (7.0.4) lib/action_dispatch/middleware/cookies.rb:696:in `call'
activerecord (7.0.4) lib/active_record/migration.rb:603:in `call'
actionpack (7.0.4) lib/action_dispatch/middleware/callbacks.rb:27:in `block in call'
activesupport (7.0.4) lib/active_support/callbacks.rb:99:in `run_callbacks'
actionpack (7.0.4) lib/action_dispatch/middleware/callbacks.rb:26:in `call'
actionpack (7.0.4) lib/action_dispatch/middleware/executor.rb:14:in `call'
actionpack (7.0.4) lib/action_dispatch/middleware/actionable_exceptions.rb:17:in `call'
actionpack (7.0.4) lib/action_dispatch/middleware/debug_exceptions.rb:28:in `call'
web-console (4.2.0) lib/web_console/middleware.rb:132:in `call_app'
web-console (4.2.0) lib/web_console/middleware.rb:28:in `block in call'
web-console (4.2.0) lib/web_console/middleware.rb:17:in `catch'
web-console (4.2.0) lib/web_console/middleware.rb:17:in `call'
actionpack (7.0.4) lib/action_dispatch/middleware/show_exceptions.rb:26:in `call'
railties (7.0.4) lib/rails/rack/logger.rb:40:in `call_app'
railties (7.0.4) lib/rails/rack/logger.rb:25:in `block in call'
activesupport (7.0.4) lib/active_support/tagged_logging.rb:99:in `block in tagged'
activesupport (7.0.4) lib/active_support/tagged_logging.rb:37:in `tagged'
activesupport (7.0.4) lib/active_support/tagged_logging.rb:99:in `tagged'
railties (7.0.4) lib/rails/rack/logger.rb:25:in `call'
sprockets-rails (3.4.2) lib/sprockets/rails/quiet_assets.rb:13:in `call'
actionpack (7.0.4) lib/action_dispatch/middleware/remote_ip.rb:93:in `call'
actionpack (7.0.4) lib/action_dispatch/middleware/request_id.rb:26:in `call'
rack (2.2.4) lib/rack/method_override.rb:24:in `call'
rack (2.2.4) lib/rack/runtime.rb:22:in `call'
activesupport (7.0.4) lib/active_support/cache/strategy/local_cache_middleware.rb:29:in `call'
actionpack (7.0.4) lib/action_dispatch/middleware/server_timing.rb:61:in `block in call'
actionpack (7.0.4) lib/action_dispatch/middleware/server_timing.rb:26:in `collect_events'
actionpack (7.0.4) lib/action_dispatch/middleware/server_timing.rb:60:in `call'
actionpack (7.0.4) lib/action_dispatch/middleware/executor.rb:14:in `call'
actionpack (7.0.4) lib/action_dispatch/middleware/static.rb:23:in `call'
rack (2.2.4) lib/rack/sendfile.rb:110:in `call'
actionpack (7.0.4) lib/action_dispatch/middleware/host_authorization.rb:137:in `call'
railties (7.0.4) lib/rails/engine.rb:530:in `call'
puma (5.6.5) lib/puma/configuration.rb:252:in `call'
puma (5.6.5) lib/puma/request.rb:77:in `block in handle_request'
puma (5.6.5) lib/puma/thread_pool.rb:340:in `with_force_shutdown'
puma (5.6.5) lib/puma/request.rb:76:in `handle_request'
puma (5.6.5) lib/puma/server.rb:443:in `process_client'
puma (5.6.5) lib/puma/thread_pool.rb:147:in `block in spawn_thread'
Started GET "/students/1" for 127.0.0.1 at 2022-09-22 14:45:40 +0700
Processing by StudentsController#show as HTML
  Parameters: {"id"=>"1"}
  [1m[36mStudent Load (0.3ms)[0m  [1m[34mSELECT "students".* FROM "students" WHERE "students"."id" = ? LIMIT ?[0m  [["id", 1], ["LIMIT", 1]]
  ↳ app/controllers/students_controller.rb:63:in `set_student'
  Rendering layout layouts/application.html.erb
  Rendering students/show.html.erb within layouts/application
  Rendered students/_student.html.erb (Duration: 0.1ms | Allocations: 30)
  Rendered students/show.html.erb within layouts/application (Duration: 1.3ms | Allocations: 604)
  Rendered layout layouts/application.html.erb (Duration: 10.8ms | Allocations: 2792)
Completed 200 OK in 14ms (Views: 11.4ms | ActiveRecord: 0.3ms | Allocations: 4224)


Started GET "/students/1/edit_score" for 127.0.0.1 at 2022-09-22 14:46:22 +0700
  
AbstractController::ActionNotFound (The action 'edit_score' could not be found for StudentsController):
  
actionpack (7.0.4) lib/abstract_controller/base.rb:146:in `process'
actionview (7.0.4) lib/action_view/rendering.rb:39:in `process'
actionpack (7.0.4) lib/action_controller/metal.rb:188:in `dispatch'
actionpack (7.0.4) lib/action_controller/metal.rb:251:in `dispatch'
actionpack (7.0.4) lib/action_dispatch/routing/route_set.rb:49:in `dispatch'
actionpack (7.0.4) lib/action_dispatch/routing/route_set.rb:32:in `serve'
actionpack (7.0.4) lib/action_dispatch/journey/router.rb:50:in `block in serve'
actionpack (7.0.4) lib/action_dispatch/journey/router.rb:32:in `each'
actionpack (7.0.4) lib/action_dispatch/journey/router.rb:32:in `serve'
actionpack (7.0.4) lib/action_dispatch/routing/route_set.rb:852:in `call'
rack (2.2.4) lib/rack/tempfile_reaper.rb:15:in `call'
rack (2.2.4) lib/rack/etag.rb:27:in `call'
rack (2.2.4) lib/rack/conditional_get.rb:27:in `call'
rack (2.2.4) lib/rack/head.rb:12:in `call'
actionpack (7.0.4) lib/action_dispatch/http/permissions_policy.rb:38:in `call'
actionpack (7.0.4) lib/action_dispatch/http/content_security_policy.rb:36:in `call'
rack (2.2.4) lib/rack/session/abstract/id.rb:266:in `context'
rack (2.2.4) lib/rack/session/abstract/id.rb:260:in `call'
actionpack (7.0.4) lib/action_dispatch/middleware/cookies.rb:696:in `call'
activerecord (7.0.4) lib/active_record/migration.rb:603:in `call'
actionpack (7.0.4) lib/action_dispatch/middleware/callbacks.rb:27:in `block in call'
activesupport (7.0.4) lib/active_support/callbacks.rb:99:in `run_callbacks'
actionpack (7.0.4) lib/action_dispatch/middleware/callbacks.rb:26:in `call'
actionpack (7.0.4) lib/action_dispatch/middleware/executor.rb:14:in `call'
actionpack (7.0.4) lib/action_dispatch/middleware/actionable_exceptions.rb:17:in `call'
actionpack (7.0.4) lib/action_dispatch/middleware/debug_exceptions.rb:28:in `call'
web-console (4.2.0) lib/web_console/middleware.rb:132:in `call_app'
web-console (4.2.0) lib/web_console/middleware.rb:28:in `block in call'
web-console (4.2.0) lib/web_console/middleware.rb:17:in `catch'
web-console (4.2.0) lib/web_console/middleware.rb:17:in `call'
actionpack (7.0.4) lib/action_dispatch/middleware/show_exceptions.rb:26:in `call'
railties (7.0.4) lib/rails/rack/logger.rb:40:in `call_app'
railties (7.0.4) lib/rails/rack/logger.rb:25:in `block in call'
activesupport (7.0.4) lib/active_support/tagged_logging.rb:99:in `block in tagged'
activesupport (7.0.4) lib/active_support/tagged_logging.rb:37:in `tagged'
activesupport (7.0.4) lib/active_support/tagged_logging.rb:99:in `tagged'
railties (7.0.4) lib/rails/rack/logger.rb:25:in `call'
sprockets-rails (3.4.2) lib/sprockets/rails/quiet_assets.rb:13:in `call'
actionpack (7.0.4) lib/action_dispatch/middleware/remote_ip.rb:93:in `call'
actionpack (7.0.4) lib/action_dispatch/middleware/request_id.rb:26:in `call'
rack (2.2.4) lib/rack/method_override.rb:24:in `call'
rack (2.2.4) lib/rack/runtime.rb:22:in `call'
activesupport (7.0.4) lib/active_support/cache/strategy/local_cache_middleware.rb:29:in `call'
actionpack (7.0.4) lib/action_dispatch/middleware/server_timing.rb:61:in `block in call'
actionpack (7.0.4) lib/action_dispatch/middleware/server_timing.rb:26:in `collect_events'
actionpack (7.0.4) lib/action_dispatch/middleware/server_timing.rb:60:in `call'
actionpack (7.0.4) lib/action_dispatch/middleware/executor.rb:14:in `call'
actionpack (7.0.4) lib/action_dispatch/middleware/static.rb:23:in `call'
rack (2.2.4) lib/rack/sendfile.rb:110:in `call'
actionpack (7.0.4) lib/action_dispatch/middleware/host_authorization.rb:137:in `call'
railties (7.0.4) lib/rails/engine.rb:530:in `call'
puma (5.6.5) lib/puma/configuration.rb:252:in `call'
puma (5.6.5) lib/puma/request.rb:77:in `block in handle_request'
puma (5.6.5) lib/puma/thread_pool.rb:340:in `with_force_shutdown'
puma (5.6.5) lib/puma/request.rb:76:in `handle_request'
puma (5.6.5) lib/puma/server.rb:443:in `process_client'
puma (5.6.5) lib/puma/thread_pool.rb:147:in `block in spawn_thread'
Started GET "/students/1/edit" for 127.0.0.1 at 2022-09-22 14:46:32 +0700
Processing by StudentsController#edit as HTML
  Parameters: {"id"=>"1"}
  [1m[36mStudent Load (0.1ms)[0m  [1m[34mSELECT "students".* FROM "students" WHERE "students"."id" = ? LIMIT ?[0m  [["id", 1], ["LIMIT", 1]]
  ↳ app/controllers/students_controller.rb:63:in `set_student'
  Rendering layout layouts/application.html.erb
  Rendering students/edit.html.erb within layouts/application
  Rendered students/_form.html.erb (Duration: 3.6ms | Allocations: 1675)
  Rendered students/edit.html.erb within layouts/application (Duration: 6.9ms | Allocations: 1800)
  Rendered layout layouts/application.html.erb (Duration: 14.5ms | Allocations: 3989)
Completed 200 OK in 19ms (Views: 17.2ms | ActiveRecord: 0.1ms | Allocations: 4720)


Started GET "/students/1/edit_score" for 127.0.0.1 at 2022-09-22 14:49:24 +0700
  
AbstractController::ActionNotFound (The action 'edit_score' could not be found for StudentsController):
  
actionpack (7.0.4) lib/abstract_controller/base.rb:146:in `process'
actionview (7.0.4) lib/action_view/rendering.rb:39:in `process'
actionpack (7.0.4) lib/action_controller/metal.rb:188:in `dispatch'
actionpack (7.0.4) lib/action_controller/metal.rb:251:in `dispatch'
actionpack (7.0.4) lib/action_dispatch/routing/route_set.rb:49:in `dispatch'
actionpack (7.0.4) lib/action_dispatch/routing/route_set.rb:32:in `serve'
actionpack (7.0.4) lib/action_dispatch/journey/router.rb:50:in `block in serve'
actionpack (7.0.4) lib/action_dispatch/journey/router.rb:32:in `each'
actionpack (7.0.4) lib/action_dispatch/journey/router.rb:32:in `serve'
actionpack (7.0.4) lib/action_dispatch/routing/route_set.rb:852:in `call'
rack (2.2.4) lib/rack/tempfile_reaper.rb:15:in `call'
rack (2.2.4) lib/rack/etag.rb:27:in `call'
rack (2.2.4) lib/rack/conditional_get.rb:27:in `call'
rack (2.2.4) lib/rack/head.rb:12:in `call'
actionpack (7.0.4) lib/action_dispatch/http/permissions_policy.rb:38:in `call'
actionpack (7.0.4) lib/action_dispatch/http/content_security_policy.rb:36:in `call'
rack (2.2.4) lib/rack/session/abstract/id.rb:266:in `context'
rack (2.2.4) lib/rack/session/abstract/id.rb:260:in `call'
actionpack (7.0.4) lib/action_dispatch/middleware/cookies.rb:696:in `call'
activerecord (7.0.4) lib/active_record/migration.rb:603:in `call'
actionpack (7.0.4) lib/action_dispatch/middleware/callbacks.rb:27:in `block in call'
activesupport (7.0.4) lib/active_support/callbacks.rb:99:in `run_callbacks'
actionpack (7.0.4) lib/action_dispatch/middleware/callbacks.rb:26:in `call'
actionpack (7.0.4) lib/action_dispatch/middleware/executor.rb:14:in `call'
actionpack (7.0.4) lib/action_dispatch/middleware/actionable_exceptions.rb:17:in `call'
actionpack (7.0.4) lib/action_dispatch/middleware/debug_exceptions.rb:28:in `call'
web-console (4.2.0) lib/web_console/middleware.rb:132:in `call_app'
web-console (4.2.0) lib/web_console/middleware.rb:28:in `block in call'
web-console (4.2.0) lib/web_console/middleware.rb:17:in `catch'
web-console (4.2.0) lib/web_console/middleware.rb:17:in `call'
actionpack (7.0.4) lib/action_dispatch/middleware/show_exceptions.rb:26:in `call'
railties (7.0.4) lib/rails/rack/logger.rb:40:in `call_app'
railties (7.0.4) lib/rails/rack/logger.rb:25:in `block in call'
activesupport (7.0.4) lib/active_support/tagged_logging.rb:99:in `block in tagged'
activesupport (7.0.4) lib/active_support/tagged_logging.rb:37:in `tagged'
activesupport (7.0.4) lib/active_support/tagged_logging.rb:99:in `tagged'
railties (7.0.4) lib/rails/rack/logger.rb:25:in `call'
sprockets-rails (3.4.2) lib/sprockets/rails/quiet_assets.rb:13:in `call'
actionpack (7.0.4) lib/action_dispatch/middleware/remote_ip.rb:93:in `call'
actionpack (7.0.4) lib/action_dispatch/middleware/request_id.rb:26:in `call'
rack (2.2.4) lib/rack/method_override.rb:24:in `call'
rack (2.2.4) lib/rack/runtime.rb:22:in `call'
activesupport (7.0.4) lib/active_support/cache/strategy/local_cache_middleware.rb:29:in `call'
actionpack (7.0.4) lib/action_dispatch/middleware/server_timing.rb:61:in `block in call'
actionpack (7.0.4) lib/action_dispatch/middleware/server_timing.rb:26:in `collect_events'
actionpack (7.0.4) lib/action_dispatch/middleware/server_timing.rb:60:in `call'
actionpack (7.0.4) lib/action_dispatch/middleware/executor.rb:14:in `call'
actionpack (7.0.4) lib/action_dispatch/middleware/static.rb:23:in `call'
rack (2.2.4) lib/rack/sendfile.rb:110:in `call'
actionpack (7.0.4) lib/action_dispatch/middleware/host_authorization.rb:137:in `call'
railties (7.0.4) lib/rails/engine.rb:530:in `call'
puma (5.6.5) lib/puma/configuration.rb:252:in `call'
puma (5.6.5) lib/puma/request.rb:77:in `block in handle_request'
puma (5.6.5) lib/puma/thread_pool.rb:340:in `with_force_shutdown'
puma (5.6.5) lib/puma/request.rb:76:in `handle_request'
puma (5.6.5) lib/puma/server.rb:443:in `process_client'
puma (5.6.5) lib/puma/thread_pool.rb:147:in `block in spawn_thread'
Started GET "/students" for 127.0.0.1 at 2022-09-22 14:57:36 +0700
Processing by StudentsController#index as HTML
  Rendering layout layouts/application.html.erb
  Rendering students/index.html.erb within layouts/application
  [1m[36mStudent Load (0.1ms)[0m  [1m[34mSELECT "students".* FROM "students"[0m
  ↳ app/views/students/index.html.erb:6
  Rendered students/_student.html.erb (Duration: 0.1ms | Allocations: 30)
  Rendered students/_student.html.erb (Duration: 0.1ms | Allocations: 29)
  Rendered students/index.html.erb within layouts/application (Duration: 7.5ms | Allocations: 1206)
  Rendered layout layouts/application.html.erb (Duration: 11.3ms | Allocations: 3402)
Completed 200 OK in 16ms (Views: 15.6ms | ActiveRecord: 0.4ms | Allocations: 3670)


Started GET "/students/1/edit_score" for 127.0.0.1 at 2022-09-22 15:00:20 +0700
  
AbstractController::ActionNotFound (The action 'edit_score' could not be found for StudentsController):
  
actionpack (7.0.4) lib/abstract_controller/base.rb:146:in `process'
actionview (7.0.4) lib/action_view/rendering.rb:39:in `process'
actionpack (7.0.4) lib/action_controller/metal.rb:188:in `dispatch'
actionpack (7.0.4) lib/action_controller/metal.rb:251:in `dispatch'
actionpack (7.0.4) lib/action_dispatch/routing/route_set.rb:49:in `dispatch'
actionpack (7.0.4) lib/action_dispatch/routing/route_set.rb:32:in `serve'
actionpack (7.0.4) lib/action_dispatch/journey/router.rb:50:in `block in serve'
actionpack (7.0.4) lib/action_dispatch/journey/router.rb:32:in `each'
actionpack (7.0.4) lib/action_dispatch/journey/router.rb:32:in `serve'
actionpack (7.0.4) lib/action_dispatch/routing/route_set.rb:852:in `call'
rack (2.2.4) lib/rack/tempfile_reaper.rb:15:in `call'
rack (2.2.4) lib/rack/etag.rb:27:in `call'
rack (2.2.4) lib/rack/conditional_get.rb:27:in `call'
rack (2.2.4) lib/rack/head.rb:12:in `call'
actionpack (7.0.4) lib/action_dispatch/http/permissions_policy.rb:38:in `call'
actionpack (7.0.4) lib/action_dispatch/http/content_security_policy.rb:36:in `call'
rack (2.2.4) lib/rack/session/abstract/id.rb:266:in `context'
rack (2.2.4) lib/rack/session/abstract/id.rb:260:in `call'
actionpack (7.0.4) lib/action_dispatch/middleware/cookies.rb:696:in `call'
activerecord (7.0.4) lib/active_record/migration.rb:603:in `call'
actionpack (7.0.4) lib/action_dispatch/middleware/callbacks.rb:27:in `block in call'
activesupport (7.0.4) lib/active_support/callbacks.rb:99:in `run_callbacks'
actionpack (7.0.4) lib/action_dispatch/middleware/callbacks.rb:26:in `call'
actionpack (7.0.4) lib/action_dispatch/middleware/executor.rb:14:in `call'
actionpack (7.0.4) lib/action_dispatch/middleware/actionable_exceptions.rb:17:in `call'
actionpack (7.0.4) lib/action_dispatch/middleware/debug_exceptions.rb:28:in `call'
web-console (4.2.0) lib/web_console/middleware.rb:132:in `call_app'
web-console (4.2.0) lib/web_console/middleware.rb:28:in `block in call'
web-console (4.2.0) lib/web_console/middleware.rb:17:in `catch'
web-console (4.2.0) lib/web_console/middleware.rb:17:in `call'
actionpack (7.0.4) lib/action_dispatch/middleware/show_exceptions.rb:26:in `call'
railties (7.0.4) lib/rails/rack/logger.rb:40:in `call_app'
railties (7.0.4) lib/rails/rack/logger.rb:25:in `block in call'
activesupport (7.0.4) lib/active_support/tagged_logging.rb:99:in `block in tagged'
activesupport (7.0.4) lib/active_support/tagged_logging.rb:37:in `tagged'
activesupport (7.0.4) lib/active_support/tagged_logging.rb:99:in `tagged'
railties (7.0.4) lib/rails/rack/logger.rb:25:in `call'
sprockets-rails (3.4.2) lib/sprockets/rails/quiet_assets.rb:13:in `call'
actionpack (7.0.4) lib/action_dispatch/middleware/remote_ip.rb:93:in `call'
actionpack (7.0.4) lib/action_dispatch/middleware/request_id.rb:26:in `call'
rack (2.2.4) lib/rack/method_override.rb:24:in `call'
rack (2.2.4) lib/rack/runtime.rb:22:in `call'
activesupport (7.0.4) lib/active_support/cache/strategy/local_cache_middleware.rb:29:in `call'
actionpack (7.0.4) lib/action_dispatch/middleware/server_timing.rb:61:in `block in call'
actionpack (7.0.4) lib/action_dispatch/middleware/server_timing.rb:26:in `collect_events'
actionpack (7.0.4) lib/action_dispatch/middleware/server_timing.rb:60:in `call'
actionpack (7.0.4) lib/action_dispatch/middleware/executor.rb:14:in `call'
actionpack (7.0.4) lib/action_dispatch/middleware/static.rb:23:in `call'
rack (2.2.4) lib/rack/sendfile.rb:110:in `call'
actionpack (7.0.4) lib/action_dispatch/middleware/host_authorization.rb:137:in `call'
railties (7.0.4) lib/rails/engine.rb:530:in `call'
puma (5.6.5) lib/puma/configuration.rb:252:in `call'
puma (5.6.5) lib/puma/request.rb:77:in `block in handle_request'
puma (5.6.5) lib/puma/thread_pool.rb:340:in `with_force_shutdown'
puma (5.6.5) lib/puma/request.rb:76:in `handle_request'
puma (5.6.5) lib/puma/server.rb:443:in `process_client'
puma (5.6.5) lib/puma/thread_pool.rb:147:in `block in spawn_thread'
Started GET "/students/1/edit_score" for 127.0.0.1 at 2022-09-22 15:00:22 +0700
  
AbstractController::ActionNotFound (The action 'edit_score' could not be found for StudentsController):
  
actionpack (7.0.4) lib/abstract_controller/base.rb:146:in `process'
actionview (7.0.4) lib/action_view/rendering.rb:39:in `process'
actionpack (7.0.4) lib/action_controller/metal.rb:188:in `dispatch'
actionpack (7.0.4) lib/action_controller/metal.rb:251:in `dispatch'
actionpack (7.0.4) lib/action_dispatch/routing/route_set.rb:49:in `dispatch'
actionpack (7.0.4) lib/action_dispatch/routing/route_set.rb:32:in `serve'
actionpack (7.0.4) lib/action_dispatch/journey/router.rb:50:in `block in serve'
actionpack (7.0.4) lib/action_dispatch/journey/router.rb:32:in `each'
actionpack (7.0.4) lib/action_dispatch/journey/router.rb:32:in `serve'
actionpack (7.0.4) lib/action_dispatch/routing/route_set.rb:852:in `call'
rack (2.2.4) lib/rack/tempfile_reaper.rb:15:in `call'
rack (2.2.4) lib/rack/etag.rb:27:in `call'
rack (2.2.4) lib/rack/conditional_get.rb:27:in `call'
rack (2.2.4) lib/rack/head.rb:12:in `call'
actionpack (7.0.4) lib/action_dispatch/http/permissions_policy.rb:38:in `call'
actionpack (7.0.4) lib/action_dispatch/http/content_security_policy.rb:36:in `call'
rack (2.2.4) lib/rack/session/abstract/id.rb:266:in `context'
rack (2.2.4) lib/rack/session/abstract/id.rb:260:in `call'
actionpack (7.0.4) lib/action_dispatch/middleware/cookies.rb:696:in `call'
activerecord (7.0.4) lib/active_record/migration.rb:603:in `call'
actionpack (7.0.4) lib/action_dispatch/middleware/callbacks.rb:27:in `block in call'
activesupport (7.0.4) lib/active_support/callbacks.rb:99:in `run_callbacks'
actionpack (7.0.4) lib/action_dispatch/middleware/callbacks.rb:26:in `call'
actionpack (7.0.4) lib/action_dispatch/middleware/executor.rb:14:in `call'
actionpack (7.0.4) lib/action_dispatch/middleware/actionable_exceptions.rb:17:in `call'
actionpack (7.0.4) lib/action_dispatch/middleware/debug_exceptions.rb:28:in `call'
web-console (4.2.0) lib/web_console/middleware.rb:132:in `call_app'
web-console (4.2.0) lib/web_console/middleware.rb:28:in `block in call'
web-console (4.2.0) lib/web_console/middleware.rb:17:in `catch'
web-console (4.2.0) lib/web_console/middleware.rb:17:in `call'
actionpack (7.0.4) lib/action_dispatch/middleware/show_exceptions.rb:26:in `call'
railties (7.0.4) lib/rails/rack/logger.rb:40:in `call_app'
railties (7.0.4) lib/rails/rack/logger.rb:25:in `block in call'
activesupport (7.0.4) lib/active_support/tagged_logging.rb:99:in `block in tagged'
activesupport (7.0.4) lib/active_support/tagged_logging.rb:37:in `tagged'
activesupport (7.0.4) lib/active_support/tagged_logging.rb:99:in `tagged'
railties (7.0.4) lib/rails/rack/logger.rb:25:in `call'
sprockets-rails (3.4.2) lib/sprockets/rails/quiet_assets.rb:13:in `call'
actionpack (7.0.4) lib/action_dispatch/middleware/remote_ip.rb:93:in `call'
actionpack (7.0.4) lib/action_dispatch/middleware/request_id.rb:26:in `call'
rack (2.2.4) lib/rack/method_override.rb:24:in `call'
rack (2.2.4) lib/rack/runtime.rb:22:in `call'
activesupport (7.0.4) lib/active_support/cache/strategy/local_cache_middleware.rb:29:in `call'
actionpack (7.0.4) lib/action_dispatch/middleware/server_timing.rb:61:in `block in call'
actionpack (7.0.4) lib/action_dispatch/middleware/server_timing.rb:26:in `collect_events'
actionpack (7.0.4) lib/action_dispatch/middleware/server_timing.rb:60:in `call'
actionpack (7.0.4) lib/action_dispatch/middleware/executor.rb:14:in `call'
actionpack (7.0.4) lib/action_dispatch/middleware/static.rb:23:in `call'
rack (2.2.4) lib/rack/sendfile.rb:110:in `call'
actionpack (7.0.4) lib/action_dispatch/middleware/host_authorization.rb:137:in `call'
railties (7.0.4) lib/rails/engine.rb:530:in `call'
puma (5.6.5) lib/puma/configuration.rb:252:in `call'
puma (5.6.5) lib/puma/request.rb:77:in `block in handle_request'
puma (5.6.5) lib/puma/thread_pool.rb:340:in `with_force_shutdown'
puma (5.6.5) lib/puma/request.rb:76:in `handle_request'
puma (5.6.5) lib/puma/server.rb:443:in `process_client'
puma (5.6.5) lib/puma/thread_pool.rb:147:in `block in spawn_thread'
Started GET "/students/1/edit_score" for 127.0.0.1 at 2022-09-22 15:01:16 +0700
  
AbstractController::ActionNotFound (The action 'edit_score' could not be found for StudentsController):
  
actionpack (7.0.4) lib/abstract_controller/base.rb:146:in `process'
actionview (7.0.4) lib/action_view/rendering.rb:39:in `process'
actionpack (7.0.4) lib/action_controller/metal.rb:188:in `dispatch'
actionpack (7.0.4) lib/action_controller/metal.rb:251:in `dispatch'
actionpack (7.0.4) lib/action_dispatch/routing/route_set.rb:49:in `dispatch'
actionpack (7.0.4) lib/action_dispatch/routing/route_set.rb:32:in `serve'
actionpack (7.0.4) lib/action_dispatch/journey/router.rb:50:in `block in serve'
actionpack (7.0.4) lib/action_dispatch/journey/router.rb:32:in `each'
actionpack (7.0.4) lib/action_dispatch/journey/router.rb:32:in `serve'
actionpack (7.0.4) lib/action_dispatch/routing/route_set.rb:852:in `call'
rack (2.2.4) lib/rack/tempfile_reaper.rb:15:in `call'
rack (2.2.4) lib/rack/etag.rb:27:in `call'
rack (2.2.4) lib/rack/conditional_get.rb:27:in `call'
rack (2.2.4) lib/rack/head.rb:12:in `call'
actionpack (7.0.4) lib/action_dispatch/http/permissions_policy.rb:38:in `call'
actionpack (7.0.4) lib/action_dispatch/http/content_security_policy.rb:36:in `call'
rack (2.2.4) lib/rack/session/abstract/id.rb:266:in `context'
rack (2.2.4) lib/rack/session/abstract/id.rb:260:in `call'
actionpack (7.0.4) lib/action_dispatch/middleware/cookies.rb:696:in `call'
activerecord (7.0.4) lib/active_record/migration.rb:603:in `call'
actionpack (7.0.4) lib/action_dispatch/middleware/callbacks.rb:27:in `block in call'
activesupport (7.0.4) lib/active_support/callbacks.rb:99:in `run_callbacks'
actionpack (7.0.4) lib/action_dispatch/middleware/callbacks.rb:26:in `call'
actionpack (7.0.4) lib/action_dispatch/middleware/executor.rb:14:in `call'
actionpack (7.0.4) lib/action_dispatch/middleware/actionable_exceptions.rb:17:in `call'
actionpack (7.0.4) lib/action_dispatch/middleware/debug_exceptions.rb:28:in `call'
web-console (4.2.0) lib/web_console/middleware.rb:132:in `call_app'
web-console (4.2.0) lib/web_console/middleware.rb:28:in `block in call'
web-console (4.2.0) lib/web_console/middleware.rb:17:in `catch'
web-console (4.2.0) lib/web_console/middleware.rb:17:in `call'
actionpack (7.0.4) lib/action_dispatch/middleware/show_exceptions.rb:26:in `call'
railties (7.0.4) lib/rails/rack/logger.rb:40:in `call_app'
railties (7.0.4) lib/rails/rack/logger.rb:25:in `block in call'
activesupport (7.0.4) lib/active_support/tagged_logging.rb:99:in `block in tagged'
activesupport (7.0.4) lib/active_support/tagged_logging.rb:37:in `tagged'
activesupport (7.0.4) lib/active_support/tagged_logging.rb:99:in `tagged'
railties (7.0.4) lib/rails/rack/logger.rb:25:in `call'
sprockets-rails (3.4.2) lib/sprockets/rails/quiet_assets.rb:13:in `call'
actionpack (7.0.4) lib/action_dispatch/middleware/remote_ip.rb:93:in `call'
actionpack (7.0.4) lib/action_dispatch/middleware/request_id.rb:26:in `call'
rack (2.2.4) lib/rack/method_override.rb:24:in `call'
rack (2.2.4) lib/rack/runtime.rb:22:in `call'
activesupport (7.0.4) lib/active_support/cache/strategy/local_cache_middleware.rb:29:in `call'
actionpack (7.0.4) lib/action_dispatch/middleware/server_timing.rb:61:in `block in call'
actionpack (7.0.4) lib/action_dispatch/middleware/server_timing.rb:26:in `collect_events'
actionpack (7.0.4) lib/action_dispatch/middleware/server_timing.rb:60:in `call'
actionpack (7.0.4) lib/action_dispatch/middleware/executor.rb:14:in `call'
actionpack (7.0.4) lib/action_dispatch/middleware/static.rb:23:in `call'
rack (2.2.4) lib/rack/sendfile.rb:110:in `call'
actionpack (7.0.4) lib/action_dispatch/middleware/host_authorization.rb:137:in `call'
railties (7.0.4) lib/rails/engine.rb:530:in `call'
puma (5.6.5) lib/puma/configuration.rb:252:in `call'
puma (5.6.5) lib/puma/request.rb:77:in `block in handle_request'
puma (5.6.5) lib/puma/thread_pool.rb:340:in `with_force_shutdown'
puma (5.6.5) lib/puma/request.rb:76:in `handle_request'
puma (5.6.5) lib/puma/server.rb:443:in `process_client'
puma (5.6.5) lib/puma/thread_pool.rb:147:in `block in spawn_thread'
Started GET "/students/1/edit_score" for 127.0.0.1 at 2022-09-22 15:01:45 +0700
  
AbstractController::ActionNotFound (The action 'edit_score' could not be found for StudentsController):
  
actionpack (7.0.4) lib/abstract_controller/base.rb:146:in `process'
actionview (7.0.4) lib/action_view/rendering.rb:39:in `process'
actionpack (7.0.4) lib/action_controller/metal.rb:188:in `dispatch'
actionpack (7.0.4) lib/action_controller/metal.rb:251:in `dispatch'
actionpack (7.0.4) lib/action_dispatch/routing/route_set.rb:49:in `dispatch'
actionpack (7.0.4) lib/action_dispatch/routing/route_set.rb:32:in `serve'
actionpack (7.0.4) lib/action_dispatch/journey/router.rb:50:in `block in serve'
actionpack (7.0.4) lib/action_dispatch/journey/router.rb:32:in `each'
actionpack (7.0.4) lib/action_dispatch/journey/router.rb:32:in `serve'
actionpack (7.0.4) lib/action_dispatch/routing/route_set.rb:852:in `call'
rack (2.2.4) lib/rack/tempfile_reaper.rb:15:in `call'
rack (2.2.4) lib/rack/etag.rb:27:in `call'
rack (2.2.4) lib/rack/conditional_get.rb:27:in `call'
rack (2.2.4) lib/rack/head.rb:12:in `call'
actionpack (7.0.4) lib/action_dispatch/http/permissions_policy.rb:38:in `call'
actionpack (7.0.4) lib/action_dispatch/http/content_security_policy.rb:36:in `call'
rack (2.2.4) lib/rack/session/abstract/id.rb:266:in `context'
rack (2.2.4) lib/rack/session/abstract/id.rb:260:in `call'
actionpack (7.0.4) lib/action_dispatch/middleware/cookies.rb:696:in `call'
activerecord (7.0.4) lib/active_record/migration.rb:603:in `call'
actionpack (7.0.4) lib/action_dispatch/middleware/callbacks.rb:27:in `block in call'
activesupport (7.0.4) lib/active_support/callbacks.rb:99:in `run_callbacks'
actionpack (7.0.4) lib/action_dispatch/middleware/callbacks.rb:26:in `call'
actionpack (7.0.4) lib/action_dispatch/middleware/executor.rb:14:in `call'
actionpack (7.0.4) lib/action_dispatch/middleware/actionable_exceptions.rb:17:in `call'
actionpack (7.0.4) lib/action_dispatch/middleware/debug_exceptions.rb:28:in `call'
web-console (4.2.0) lib/web_console/middleware.rb:132:in `call_app'
web-console (4.2.0) lib/web_console/middleware.rb:28:in `block in call'
web-console (4.2.0) lib/web_console/middleware.rb:17:in `catch'
web-console (4.2.0) lib/web_console/middleware.rb:17:in `call'
actionpack (7.0.4) lib/action_dispatch/middleware/show_exceptions.rb:26:in `call'
railties (7.0.4) lib/rails/rack/logger.rb:40:in `call_app'
railties (7.0.4) lib/rails/rack/logger.rb:25:in `block in call'
activesupport (7.0.4) lib/active_support/tagged_logging.rb:99:in `block in tagged'
activesupport (7.0.4) lib/active_support/tagged_logging.rb:37:in `tagged'
activesupport (7.0.4) lib/active_support/tagged_logging.rb:99:in `tagged'
railties (7.0.4) lib/rails/rack/logger.rb:25:in `call'
sprockets-rails (3.4.2) lib/sprockets/rails/quiet_assets.rb:13:in `call'
actionpack (7.0.4) lib/action_dispatch/middleware/remote_ip.rb:93:in `call'
actionpack (7.0.4) lib/action_dispatch/middleware/request_id.rb:26:in `call'
rack (2.2.4) lib/rack/method_override.rb:24:in `call'
rack (2.2.4) lib/rack/runtime.rb:22:in `call'
activesupport (7.0.4) lib/active_support/cache/strategy/local_cache_middleware.rb:29:in `call'
actionpack (7.0.4) lib/action_dispatch/middleware/server_timing.rb:61:in `block in call'
actionpack (7.0.4) lib/action_dispatch/middleware/server_timing.rb:26:in `collect_events'
actionpack (7.0.4) lib/action_dispatch/middleware/server_timing.rb:60:in `call'
actionpack (7.0.4) lib/action_dispatch/middleware/executor.rb:14:in `call'
actionpack (7.0.4) lib/action_dispatch/middleware/static.rb:23:in `call'
rack (2.2.4) lib/rack/sendfile.rb:110:in `call'
actionpack (7.0.4) lib/action_dispatch/middleware/host_authorization.rb:137:in `call'
railties (7.0.4) lib/rails/engine.rb:530:in `call'
puma (5.6.5) lib/puma/configuration.rb:252:in `call'
puma (5.6.5) lib/puma/request.rb:77:in `block in handle_request'
puma (5.6.5) lib/puma/thread_pool.rb:340:in `with_force_shutdown'
puma (5.6.5) lib/puma/request.rb:76:in `handle_request'
puma (5.6.5) lib/puma/server.rb:443:in `process_client'
puma (5.6.5) lib/puma/thread_pool.rb:147:in `block in spawn_thread'
Started GET "/students/1/edit_score" for 127.0.0.1 at 2022-09-22 15:04:59 +0700
  
AbstractController::ActionNotFound (The action 'edit_score' could not be found for StudentsController):
  
actionpack (7.0.4) lib/abstract_controller/base.rb:146:in `process'
actionview (7.0.4) lib/action_view/rendering.rb:39:in `process'
actionpack (7.0.4) lib/action_controller/metal.rb:188:in `dispatch'
actionpack (7.0.4) lib/action_controller/metal.rb:251:in `dispatch'
actionpack (7.0.4) lib/action_dispatch/routing/route_set.rb:49:in `dispatch'
actionpack (7.0.4) lib/action_dispatch/routing/route_set.rb:32:in `serve'
actionpack (7.0.4) lib/action_dispatch/journey/router.rb:50:in `block in serve'
actionpack (7.0.4) lib/action_dispatch/journey/router.rb:32:in `each'
actionpack (7.0.4) lib/action_dispatch/journey/router.rb:32:in `serve'
actionpack (7.0.4) lib/action_dispatch/routing/route_set.rb:852:in `call'
rack (2.2.4) lib/rack/tempfile_reaper.rb:15:in `call'
rack (2.2.4) lib/rack/etag.rb:27:in `call'
rack (2.2.4) lib/rack/conditional_get.rb:27:in `call'
rack (2.2.4) lib/rack/head.rb:12:in `call'
actionpack (7.0.4) lib/action_dispatch/http/permissions_policy.rb:38:in `call'
actionpack (7.0.4) lib/action_dispatch/http/content_security_policy.rb:36:in `call'
rack (2.2.4) lib/rack/session/abstract/id.rb:266:in `context'
rack (2.2.4) lib/rack/session/abstract/id.rb:260:in `call'
actionpack (7.0.4) lib/action_dispatch/middleware/cookies.rb:696:in `call'
activerecord (7.0.4) lib/active_record/migration.rb:603:in `call'
actionpack (7.0.4) lib/action_dispatch/middleware/callbacks.rb:27:in `block in call'
activesupport (7.0.4) lib/active_support/callbacks.rb:99:in `run_callbacks'
actionpack (7.0.4) lib/action_dispatch/middleware/callbacks.rb:26:in `call'
actionpack (7.0.4) lib/action_dispatch/middleware/executor.rb:14:in `call'
actionpack (7.0.4) lib/action_dispatch/middleware/actionable_exceptions.rb:17:in `call'
actionpack (7.0.4) lib/action_dispatch/middleware/debug_exceptions.rb:28:in `call'
web-console (4.2.0) lib/web_console/middleware.rb:132:in `call_app'
web-console (4.2.0) lib/web_console/middleware.rb:28:in `block in call'
web-console (4.2.0) lib/web_console/middleware.rb:17:in `catch'
web-console (4.2.0) lib/web_console/middleware.rb:17:in `call'
actionpack (7.0.4) lib/action_dispatch/middleware/show_exceptions.rb:26:in `call'
railties (7.0.4) lib/rails/rack/logger.rb:40:in `call_app'
railties (7.0.4) lib/rails/rack/logger.rb:25:in `block in call'
activesupport (7.0.4) lib/active_support/tagged_logging.rb:99:in `block in tagged'
activesupport (7.0.4) lib/active_support/tagged_logging.rb:37:in `tagged'
activesupport (7.0.4) lib/active_support/tagged_logging.rb:99:in `tagged'
railties (7.0.4) lib/rails/rack/logger.rb:25:in `call'
sprockets-rails (3.4.2) lib/sprockets/rails/quiet_assets.rb:13:in `call'
actionpack (7.0.4) lib/action_dispatch/middleware/remote_ip.rb:93:in `call'
actionpack (7.0.4) lib/action_dispatch/middleware/request_id.rb:26:in `call'
rack (2.2.4) lib/rack/method_override.rb:24:in `call'
rack (2.2.4) lib/rack/runtime.rb:22:in `call'
activesupport (7.0.4) lib/active_support/cache/strategy/local_cache_middleware.rb:29:in `call'
actionpack (7.0.4) lib/action_dispatch/middleware/server_timing.rb:61:in `block in call'
actionpack (7.0.4) lib/action_dispatch/middleware/server_timing.rb:26:in `collect_events'
actionpack (7.0.4) lib/action_dispatch/middleware/server_timing.rb:60:in `call'
actionpack (7.0.4) lib/action_dispatch/middleware/executor.rb:14:in `call'
actionpack (7.0.4) lib/action_dispatch/middleware/static.rb:23:in `call'
rack (2.2.4) lib/rack/sendfile.rb:110:in `call'
actionpack (7.0.4) lib/action_dispatch/middleware/host_authorization.rb:137:in `call'
railties (7.0.4) lib/rails/engine.rb:530:in `call'
puma (5.6.5) lib/puma/configuration.rb:252:in `call'
puma (5.6.5) lib/puma/request.rb:77:in `block in handle_request'
puma (5.6.5) lib/puma/thread_pool.rb:340:in `with_force_shutdown'
puma (5.6.5) lib/puma/request.rb:76:in `handle_request'
puma (5.6.5) lib/puma/server.rb:443:in `process_client'
puma (5.6.5) lib/puma/thread_pool.rb:147:in `block in spawn_thread'
Started GET "/students/1/edit_score" for 127.0.0.1 at 2022-09-22 15:07:12 +0700
Processing by StudentsController#edit_score as HTML
  Parameters: {"id"=>"1"}
Completed 406 Not Acceptable in 1ms (Allocations: 707)


  
ActionController::MissingExactTemplate (StudentsController#edit_score is missing a template for request formats: text/html):
  
actionpack (7.0.4) lib/action_controller/metal/implicit_render.rb:45:in `default_render'
actionpack (7.0.4) lib/action_controller/metal/basic_implicit_render.rb:6:in `block in send_action'
<internal:kernel>:90:in `tap'
actionpack (7.0.4) lib/action_controller/metal/basic_implicit_render.rb:6:in `send_action'
actionpack (7.0.4) lib/abstract_controller/base.rb:215:in `process_action'
actionpack (7.0.4) lib/action_controller/metal/rendering.rb:53:in `process_action'
actionpack (7.0.4) lib/abstract_controller/callbacks.rb:234:in `block in process_action'
activesupport (7.0.4) lib/active_support/callbacks.rb:118:in `block in run_callbacks'
actiontext (7.0.4) lib/action_text/rendering.rb:20:in `with_renderer'
actiontext (7.0.4) lib/action_text/engine.rb:69:in `block (4 levels) in <class:Engine>'
activesupport (7.0.4) lib/active_support/callbacks.rb:127:in `instance_exec'
activesupport (7.0.4) lib/active_support/callbacks.rb:127:in `block in run_callbacks'
activesupport (7.0.4) lib/active_support/callbacks.rb:138:in `run_callbacks'
actionpack (7.0.4) lib/abstract_controller/callbacks.rb:233:in `process_action'
actionpack (7.0.4) lib/action_controller/metal/rescue.rb:22:in `process_action'
actionpack (7.0.4) lib/action_controller/metal/instrumentation.rb:67:in `block in process_action'
activesupport (7.0.4) lib/active_support/notifications.rb:206:in `block in instrument'
activesupport (7.0.4) lib/active_support/notifications/instrumenter.rb:24:in `instrument'
activesupport (7.0.4) lib/active_support/notifications.rb:206:in `instrument'
actionpack (7.0.4) lib/action_controller/metal/instrumentation.rb:66:in `process_action'
actionpack (7.0.4) lib/action_controller/metal/params_wrapper.rb:259:in `process_action'
activerecord (7.0.4) lib/active_record/railties/controller_runtime.rb:27:in `process_action'
actionpack (7.0.4) lib/abstract_controller/base.rb:151:in `process'
actionview (7.0.4) lib/action_view/rendering.rb:39:in `process'
actionpack (7.0.4) lib/action_controller/metal.rb:188:in `dispatch'
actionpack (7.0.4) lib/action_controller/metal.rb:251:in `dispatch'
actionpack (7.0.4) lib/action_dispatch/routing/route_set.rb:49:in `dispatch'
actionpack (7.0.4) lib/action_dispatch/routing/route_set.rb:32:in `serve'
actionpack (7.0.4) lib/action_dispatch/journey/router.rb:50:in `block in serve'
actionpack (7.0.4) lib/action_dispatch/journey/router.rb:32:in `each'
actionpack (7.0.4) lib/action_dispatch/journey/router.rb:32:in `serve'
actionpack (7.0.4) lib/action_dispatch/routing/route_set.rb:852:in `call'
rack (2.2.4) lib/rack/tempfile_reaper.rb:15:in `call'
rack (2.2.4) lib/rack/etag.rb:27:in `call'
rack (2.2.4) lib/rack/conditional_get.rb:27:in `call'
rack (2.2.4) lib/rack/head.rb:12:in `call'
actionpack (7.0.4) lib/action_dispatch/http/permissions_policy.rb:38:in `call'
actionpack (7.0.4) lib/action_dispatch/http/content_security_policy.rb:36:in `call'
rack (2.2.4) lib/rack/session/abstract/id.rb:266:in `context'
rack (2.2.4) lib/rack/session/abstract/id.rb:260:in `call'
actionpack (7.0.4) lib/action_dispatch/middleware/cookies.rb:696:in `call'
activerecord (7.0.4) lib/active_record/migration.rb:603:in `call'
actionpack (7.0.4) lib/action_dispatch/middleware/callbacks.rb:27:in `block in call'
activesupport (7.0.4) lib/active_support/callbacks.rb:99:in `run_callbacks'
actionpack (7.0.4) lib/action_dispatch/middleware/callbacks.rb:26:in `call'
actionpack (7.0.4) lib/action_dispatch/middleware/executor.rb:14:in `call'
actionpack (7.0.4) lib/action_dispatch/middleware/actionable_exceptions.rb:17:in `call'
actionpack (7.0.4) lib/action_dispatch/middleware/debug_exceptions.rb:28:in `call'
web-console (4.2.0) lib/web_console/middleware.rb:132:in `call_app'
web-console (4.2.0) lib/web_console/middleware.rb:28:in `block in call'
web-console (4.2.0) lib/web_console/middleware.rb:17:in `catch'
web-console (4.2.0) lib/web_console/middleware.rb:17:in `call'
actionpack (7.0.4) lib/action_dispatch/middleware/show_exceptions.rb:26:in `call'
railties (7.0.4) lib/rails/rack/logger.rb:40:in `call_app'
railties (7.0.4) lib/rails/rack/logger.rb:25:in `block in call'
activesupport (7.0.4) lib/active_support/tagged_logging.rb:99:in `block in tagged'
activesupport (7.0.4) lib/active_support/tagged_logging.rb:37:in `tagged'
activesupport (7.0.4) lib/active_support/tagged_logging.rb:99:in `tagged'
railties (7.0.4) lib/rails/rack/logger.rb:25:in `call'
sprockets-rails (3.4.2) lib/sprockets/rails/quiet_assets.rb:13:in `call'
actionpack (7.0.4) lib/action_dispatch/middleware/remote_ip.rb:93:in `call'
actionpack (7.0.4) lib/action_dispatch/middleware/request_id.rb:26:in `call'
rack (2.2.4) lib/rack/method_override.rb:24:in `call'
rack (2.2.4) lib/rack/runtime.rb:22:in `call'
activesupport (7.0.4) lib/active_support/cache/strategy/local_cache_middleware.rb:29:in `call'
actionpack (7.0.4) lib/action_dispatch/middleware/server_timing.rb:61:in `block in call'
actionpack (7.0.4) lib/action_dispatch/middleware/server_timing.rb:26:in `collect_events'
actionpack (7.0.4) lib/action_dispatch/middleware/server_timing.rb:60:in `call'
actionpack (7.0.4) lib/action_dispatch/middleware/executor.rb:14:in `call'
actionpack (7.0.4) lib/action_dispatch/middleware/static.rb:23:in `call'
rack (2.2.4) lib/rack/sendfile.rb:110:in `call'
actionpack (7.0.4) lib/action_dispatch/middleware/host_authorization.rb:137:in `call'
railties (7.0.4) lib/rails/engine.rb:530:in `call'
puma (5.6.5) lib/puma/configuration.rb:252:in `call'
puma (5.6.5) lib/puma/request.rb:77:in `block in handle_request'
puma (5.6.5) lib/puma/thread_pool.rb:340:in `with_force_shutdown'
puma (5.6.5) lib/puma/request.rb:76:in `handle_request'
puma (5.6.5) lib/puma/server.rb:443:in `process_client'
puma (5.6.5) lib/puma/thread_pool.rb:147:in `block in spawn_thread'
